2026.06.30 15:23:50.634 | laboneq.laboneq_logging                       | INFO   Logging initialized from [Default inline config in laboneq.laboneq_logging] logdir is /Users/khatran/Desktop/pico-thermometry/workflows/laboneq_output/log
2026.06.30 15:23:50.635 | laboneq.controller.controller                 | INFO   VERSION: laboneq 26.4.0
2026.06.30 15:23:50.636 | laboneq.controller.devices.device_collection  | INFO   Connecting to data server at localhost:8004
2026.06.30 15:23:50.636 | laboneq.controller.devices.async_support      | INFO   Connected to Zurich Instruments LabOne Data Server version 26.04.1.6 at localhost:8004
2026.06.30 15:23:50.638 | laboneq.controller.devices.device_collection  | INFO   Configuring the device setup
2026.06.30 15:23:50.662 | laboneq.controller.devices.device_collection  | INFO   The device setup is configured
2026.06.30 15:23:50.722 | laboneq.compiler.workflow.compiler            | INFO   Starting LabOne Q Compiler run...
2026.06.30 15:23:50.726 | laboneq.rust.laboneq_compiler_py.setup_processor.processor | INFO   Resolved modulation type of oscillator on signal: 'q0/acquire' to Software
2026.06.30 15:23:50.726 | laboneq.rust.laboneq_compiler_py.setup_processor.processor | INFO   Resolved modulation type of oscillator on signal: 'q0/drive' to Hardware
2026.06.30 15:23:50.727 | laboneq.rust.laboneq_compiler_py.setup_processor.processor | INFO   Resolved modulation type of oscillator on signal: 'q0/drive_ef' to Hardware
2026.06.30 15:23:50.727 | laboneq.rust.laboneq_compiler_py.setup_processor.processor | INFO   Resolved modulation type of oscillator on signal: 'q0/measure' to Software
2026.06.30 15:23:50.727 | laboneq.rust.laboneq_compiler_py.setup_processor.processor | INFO   Resolved modulation type of oscillator on signal: 'q1/acquire' to Software
2026.06.30 15:23:50.727 | laboneq.rust.laboneq_compiler_py.setup_processor.processor | INFO   Resolved modulation type of oscillator on signal: 'q1/drive' to Hardware
2026.06.30 15:23:50.728 | laboneq.rust.laboneq_compiler_py.setup_processor.processor | INFO   Resolved modulation type of oscillator on signal: 'q1/drive_ef' to Hardware
2026.06.30 15:23:50.728 | laboneq.rust.laboneq_compiler_py.setup_processor.processor | INFO   Resolved modulation type of oscillator on signal: 'q1/measure' to Software
2026.06.30 15:23:50.729 | laboneq.compiler.workflow.realtime_compiler   | INFO   Schedule completed. [0.001 s]
2026.06.30 15:23:50.741 | laboneq.compiler.workflow.realtime_compiler   | INFO   Code generation completed for all AWGs. [0.011 s]
2026.06.30 15:23:50.741 | laboneq.compiler.workflow.neartime_execution  | INFO   Completed compilation step 1 of 1. [0.013 s]
2026.06.30 15:23:50.745 | laboneq.compiler.workflow.reporter            | INFO    ─────────────────────────────────────────────────────────────────────── 
2026.06.30 15:23:50.745 | laboneq.compiler.workflow.reporter            | INFO    [1m [0m[1mDevice           [0m[1m [0m [1m [0m[1mAWG[0m[1m [0m [1m [0m[1mSeqC LOC[0m[1m [0m [1m [0m[1mCT entries[0m[1m [0m [1m [0m[1mWaveforms[0m[1m [0m [1m [0m[1mSamples[0m[1m [0m 
2026.06.30 15:23:50.746 | laboneq.compiler.workflow.reporter            | INFO    ─────────────────────────────────────────────────────────────────────── 
2026.06.30 15:23:50.746 | laboneq.compiler.workflow.reporter            | INFO     SHFQC_DEV12001        0         25            0           2     16000  
2026.06.30 15:23:50.746 | laboneq.compiler.workflow.reporter            | INFO     SHFQC_DEV12001_sg     0        177           35          34     13952  
2026.06.30 15:23:50.747 | laboneq.compiler.workflow.reporter            | INFO     SHFQC_DEV12001_sg     1        177           35          34     13952  
2026.06.30 15:23:50.747 | laboneq.compiler.workflow.reporter            | INFO    ─────────────────────────────────────────────────────────────────────── 
2026.06.30 15:23:50.747 | laboneq.compiler.workflow.reporter            | INFO    [1m [0m[1mTOTAL            [0m[1m [0m [1m [0m[1m   [0m[1m [0m [1m [0m[1m     379[0m[1m [0m [1m [0m[1m        70[0m[1m [0m [1m [0m[1m         [0m[1m [0m [1m [0m[1m  43904[0m[1m [0m 
2026.06.30 15:23:50.748 | laboneq.compiler.workflow.reporter            | INFO    ─────────────────────────────────────────────────────────────────────── 
2026.06.30 15:23:50.756 | laboneq.compiler.workflow.compiler            | INFO   Finished LabOne Q Compiler run.
2026.06.30 15:23:50.759 | laboneq.controller.controller                 | INFO   Starting near-time execution...
2026.06.30 15:23:50.774 | laboneq.controller.controller                 | INFO   Finished near-time execution.
2026.06.30 17:00:27.395 | laboneq.laboneq_logging                       | INFO   Logging initialized from [Default inline config in laboneq.laboneq_logging] logdir is /Users/khatran/Desktop/pico-thermometry/workflows/laboneq_output/log
2026.06.30 17:00:27.397 | laboneq.controller.controller                 | INFO   VERSION: laboneq 26.4.0
2026.06.30 17:00:27.398 | laboneq.controller.devices.device_collection  | INFO   Connecting to data server at localhost:8004
2026.06.30 17:00:27.399 | laboneq.controller.devices.async_support      | INFO   Connected to Zurich Instruments LabOne Data Server version 26.04.1.6 at localhost:8004
2026.06.30 17:00:27.401 | laboneq.controller.devices.device_collection  | INFO   Configuring the device setup
2026.06.30 17:00:27.426 | laboneq.controller.devices.device_collection  | INFO   The device setup is configured
2026.06.30 17:00:27.490 | laboneq.compiler.workflow.compiler            | INFO   Starting LabOne Q Compiler run...
2026.06.30 17:00:27.496 | laboneq.rust.laboneq_compiler_py.setup_processor.processor | INFO   Resolved modulation type of oscillator on signal: 'q0/acquire' to Software
2026.06.30 17:00:27.497 | laboneq.rust.laboneq_compiler_py.setup_processor.processor | INFO   Resolved modulation type of oscillator on signal: 'q0/drive' to Hardware
2026.06.30 17:00:27.497 | laboneq.rust.laboneq_compiler_py.setup_processor.processor | INFO   Resolved modulation type of oscillator on signal: 'q0/drive_ef' to Hardware
2026.06.30 17:00:27.497 | laboneq.rust.laboneq_compiler_py.setup_processor.processor | INFO   Resolved modulation type of oscillator on signal: 'q0/measure' to Software
2026.06.30 17:00:27.497 | laboneq.rust.laboneq_compiler_py.setup_processor.processor | INFO   Resolved modulation type of oscillator on signal: 'q1/acquire' to Software
2026.06.30 17:00:27.498 | laboneq.rust.laboneq_compiler_py.setup_processor.processor | INFO   Resolved modulation type of oscillator on signal: 'q1/drive' to Hardware
2026.06.30 17:00:27.498 | laboneq.rust.laboneq_compiler_py.setup_processor.processor | INFO   Resolved modulation type of oscillator on signal: 'q1/drive_ef' to Hardware
2026.06.30 17:00:27.498 | laboneq.rust.laboneq_compiler_py.setup_processor.processor | INFO   Resolved modulation type of oscillator on signal: 'q1/measure' to Software
2026.06.30 17:00:27.499 | laboneq.compiler.workflow.realtime_compiler   | INFO   Schedule completed. [0.001 s]
2026.06.30 17:00:27.512 | laboneq.compiler.workflow.realtime_compiler   | INFO   Code generation completed for all AWGs. [0.013 s]
2026.06.30 17:00:27.513 | laboneq.compiler.workflow.neartime_execution  | INFO   Completed compilation step 1 of 1. [0.015 s]
2026.06.30 17:00:27.517 | laboneq.compiler.workflow.reporter            | INFO    ─────────────────────────────────────────────────────────────────────── 
2026.06.30 17:00:27.518 | laboneq.compiler.workflow.reporter            | INFO    [1m [0m[1mDevice           [0m[1m [0m [1m [0m[1mAWG[0m[1m [0m [1m [0m[1mSeqC LOC[0m[1m [0m [1m [0m[1mCT entries[0m[1m [0m [1m [0m[1mWaveforms[0m[1m [0m [1m [0m[1mSamples[0m[1m [0m 
2026.06.30 17:00:27.518 | laboneq.compiler.workflow.reporter            | INFO    ─────────────────────────────────────────────────────────────────────── 
2026.06.30 17:00:27.519 | laboneq.compiler.workflow.reporter            | INFO     SHFQC_DEV12001        0        159            0           2     16000  
2026.06.30 17:00:27.519 | laboneq.compiler.workflow.reporter            | INFO     SHFQC_DEV12001_sg     0        157           17          16      3680  
2026.06.30 17:00:27.519 | laboneq.compiler.workflow.reporter            | INFO     SHFQC_DEV12001_sg     1        157           17          16      3680  
2026.06.30 17:00:27.519 | laboneq.compiler.workflow.reporter            | INFO    ─────────────────────────────────────────────────────────────────────── 
2026.06.30 17:00:27.520 | laboneq.compiler.workflow.reporter            | INFO    [1m [0m[1mTOTAL            [0m[1m [0m [1m [0m[1m   [0m[1m [0m [1m [0m[1m     473[0m[1m [0m [1m [0m[1m        34[0m[1m [0m [1m [0m[1m         [0m[1m [0m [1m [0m[1m  23360[0m[1m [0m 
2026.06.30 17:00:27.520 | laboneq.compiler.workflow.reporter            | INFO    ─────────────────────────────────────────────────────────────────────── 
2026.06.30 17:00:27.536 | laboneq.compiler.workflow.compiler            | INFO   Finished LabOne Q Compiler run.
2026.06.30 17:00:27.538 | laboneq.controller.controller                 | INFO   Starting near-time execution...
2026.06.30 17:00:27.554 | laboneq.controller.controller                 | INFO   Finished near-time execution.
2026.07.01 12:33:06.197 | laboneq.laboneq_logging                       | INFO   Logging initialized from [Default inline config in laboneq.laboneq_logging] logdir is /Users/khatran/Desktop/pico-thermometry/workflows/laboneq_output/log
2026.07.01 12:33:06.200 | laboneq.controller.controller                 | INFO   VERSION: laboneq 26.4.0
2026.07.01 12:33:06.201 | laboneq.controller.devices.device_collection  | INFO   Connecting to data server at localhost:8004
2026.07.01 12:33:06.202 | laboneq.controller.devices.async_support      | INFO   Connected to Zurich Instruments LabOne Data Server version 26.04.1.6 at localhost:8004
2026.07.01 12:33:06.204 | laboneq.controller.devices.device_collection  | INFO   Configuring the device setup
2026.07.01 12:33:06.228 | laboneq.controller.devices.device_collection  | INFO   The device setup is configured
2026.07.01 12:33:06.295 | laboneq.compiler.workflow.compiler            | INFO   Starting LabOne Q Compiler run...
2026.07.01 12:33:06.300 | laboneq.rust.laboneq_compiler_py.setup_processor.processor | INFO   Resolved modulation type of oscillator on signal: 'q0/acquire' to Software
2026.07.01 12:33:06.300 | laboneq.rust.laboneq_compiler_py.setup_processor.processor | INFO   Resolved modulation type of oscillator on signal: 'q0/drive' to Hardware
2026.07.01 12:33:06.300 | laboneq.rust.laboneq_compiler_py.setup_processor.processor | INFO   Resolved modulation type of oscillator on signal: 'q0/drive_ef' to Hardware
2026.07.01 12:33:06.300 | laboneq.rust.laboneq_compiler_py.setup_processor.processor | INFO   Resolved modulation type of oscillator on signal: 'q0/measure' to Software
2026.07.01 12:33:06.301 | laboneq.rust.laboneq_compiler_py.setup_processor.processor | INFO   Resolved modulation type of oscillator on signal: 'q1/acquire' to Software
2026.07.01 12:33:06.301 | laboneq.rust.laboneq_compiler_py.setup_processor.processor | INFO   Resolved modulation type of oscillator on signal: 'q1/drive' to Hardware
2026.07.01 12:33:06.301 | laboneq.rust.laboneq_compiler_py.setup_processor.processor | INFO   Resolved modulation type of oscillator on signal: 'q1/drive_ef' to Hardware
2026.07.01 12:33:06.301 | laboneq.rust.laboneq_compiler_py.setup_processor.processor | INFO   Resolved modulation type of oscillator on signal: 'q1/measure' to Software
2026.07.01 12:33:06.303 | laboneq.compiler.workflow.realtime_compiler   | INFO   Schedule completed. [0.001 s]
2026.07.01 12:33:06.315 | laboneq.compiler.workflow.realtime_compiler   | INFO   Code generation completed for all AWGs. [0.012 s]
2026.07.01 12:33:06.316 | laboneq.compiler.workflow.neartime_execution  | INFO   Completed compilation step 1 of 1. [0.014 s]
2026.07.01 12:33:06.320 | laboneq.compiler.workflow.reporter            | INFO    ─────────────────────────────────────────────────────────────────────── 
2026.07.01 12:33:06.320 | laboneq.compiler.workflow.reporter            | INFO    [1m [0m[1mDevice           [0m[1m [0m [1m [0m[1mAWG[0m[1m [0m [1m [0m[1mSeqC LOC[0m[1m [0m [1m [0m[1mCT entries[0m[1m [0m [1m [0m[1mWaveforms[0m[1m [0m [1m [0m[1mSamples[0m[1m [0m 
2026.07.01 12:33:06.321 | laboneq.compiler.workflow.reporter            | INFO    ─────────────────────────────────────────────────────────────────────── 
2026.07.01 12:33:06.321 | laboneq.compiler.workflow.reporter            | INFO     SHFQC_DEV12001        0        102            0           2     16000  
2026.07.01 12:33:06.321 | laboneq.compiler.workflow.reporter            | INFO     SHFQC_DEV12001_sg     0        224           13          11      2912  
2026.07.01 12:33:06.321 | laboneq.compiler.workflow.reporter            | INFO     SHFQC_DEV12001_sg     1        224           13          11      2912  
2026.07.01 12:33:06.321 | laboneq.compiler.workflow.reporter            | INFO    ─────────────────────────────────────────────────────────────────────── 
2026.07.01 12:33:06.322 | laboneq.compiler.workflow.reporter            | INFO    [1m [0m[1mTOTAL            [0m[1m [0m [1m [0m[1m   [0m[1m [0m [1m [0m[1m     550[0m[1m [0m [1m [0m[1m        26[0m[1m [0m [1m [0m[1m         [0m[1m [0m [1m [0m[1m  21824[0m[1m [0m 
2026.07.01 12:33:06.322 | laboneq.compiler.workflow.reporter            | INFO    ─────────────────────────────────────────────────────────────────────── 
2026.07.01 12:33:06.341 | laboneq.compiler.workflow.compiler            | INFO   Finished LabOne Q Compiler run.
2026.07.01 12:33:06.343 | laboneq.controller.controller                 | INFO   Starting near-time execution...
2026.07.01 12:33:06.359 | laboneq.controller.controller                 | INFO   Finished near-time execution.
