2026.06.30 15:23:50.663 Node log from the data server with id 'zi_server':
2026.06.30 15:23:50.663   get /dev12001/raw/system/awg/runtimechecks/enable -
2026.06.30 15:23:50.663   get /dev12001/raw/system/awg/runtimechecks/enable -
2026.06.30 15:23:50.663   get /dev10001/system/clocks/referenceclock/in/freq -
2026.06.30 15:23:50.663   get /dev10001/system/clocks/referenceclock/in/sourceactual -
2026.06.30 15:23:50.663   get /dev10001/system/clocks/referenceclock/in/source -
2026.06.30 15:23:50.663   get /dev10001/system/clocks/referenceclock/in/status -
2026.06.30 15:23:50.663   set /dev10001/system/clocks/referenceclock/in/source 1
2026.06.30 15:23:50.663   get /dev10001/system/clocks/referenceclock/in/freq -
2026.06.30 15:23:50.663   get /dev10001/system/clocks/referenceclock/in/sourceactual -
2026.06.30 15:23:50.663   get /dev10001/system/clocks/referenceclock/in/source -
2026.06.30 15:23:50.663   get /dev10001/system/clocks/referenceclock/in/status -
2026.06.30 15:23:50.663   get /dev12001/system/clocks/referenceclock/in/freq -
2026.06.30 15:23:50.664   get /dev12001/system/clocks/referenceclock/in/sourceactual -
2026.06.30 15:23:50.664   get /dev12001/system/clocks/referenceclock/in/source -
2026.06.30 15:23:50.664   get /dev12001/system/clocks/referenceclock/in/status -
2026.06.30 15:23:50.664   set /dev12001/system/clocks/referenceclock/in/source 2
2026.06.30 15:23:50.664   get /dev12001/system/clocks/referenceclock/in/freq -
2026.06.30 15:23:50.664   get /dev12001/system/clocks/referenceclock/in/sourceactual -
2026.06.30 15:23:50.664   get /dev12001/system/clocks/referenceclock/in/source -
2026.06.30 15:23:50.664   get /dev12001/system/clocks/referenceclock/in/status -
2026.06.30 15:23:50.664   get /dev10001/zsyncs/0/connection/status -
2026.06.30 15:23:50.664   get /dev10001/zsyncs/1/connection/status -
2026.06.30 15:23:50.664   get /dev10001/zsyncs/2/connection/status -
2026.06.30 15:23:50.664   get /dev10001/zsyncs/3/connection/status -
2026.06.30 15:23:50.664   get /dev10001/zsyncs/4/connection/status -
2026.06.30 15:23:50.664   get /dev10001/zsyncs/5/connection/status -
2026.06.30 15:23:50.664   get /dev10001/zsyncs/6/connection/status -
2026.06.30 15:23:50.664   get /dev10001/zsyncs/7/connection/status -
2026.06.30 15:23:50.664   get /dev10001/zsyncs/8/connection/status -
2026.06.30 15:23:50.664   get /dev10001/zsyncs/9/connection/status -
2026.06.30 15:23:50.664   get /dev10001/zsyncs/10/connection/status -
2026.06.30 15:23:50.664   get /dev10001/zsyncs/11/connection/status -
2026.06.30 15:23:50.664   get /dev10001/zsyncs/12/connection/status -
2026.06.30 15:23:50.664   get /dev10001/zsyncs/13/connection/status -
2026.06.30 15:23:50.664   get /dev10001/zsyncs/14/connection/status -
2026.06.30 15:23:50.664   get /dev10001/zsyncs/15/connection/status -
2026.06.30 15:23:50.664   get /dev10001/zsyncs/16/connection/status -
2026.06.30 15:23:50.664   get /dev10001/zsyncs/17/connection/status -
2026.06.30 15:23:50.664   get /dev10001/zsyncs/0/connection/serial -
2026.06.30 15:23:50.664   get /dev10001/zsyncs/1/connection/serial -
2026.06.30 15:23:50.664   get /dev10001/zsyncs/2/connection/serial -
2026.06.30 15:23:50.664   get /dev10001/zsyncs/3/connection/serial -
2026.06.30 15:23:50.664   get /dev10001/zsyncs/4/connection/serial -
2026.06.30 15:23:50.665   get /dev10001/zsyncs/5/connection/serial -
2026.06.30 15:23:50.665   get /dev10001/zsyncs/6/connection/serial -
2026.06.30 15:23:50.665   get /dev10001/zsyncs/7/connection/serial -
2026.06.30 15:23:50.665   get /dev10001/zsyncs/8/connection/serial -
2026.06.30 15:23:50.665   get /dev10001/zsyncs/9/connection/serial -
2026.06.30 15:23:50.665   get /dev10001/zsyncs/10/connection/serial -
2026.06.30 15:23:50.665   get /dev10001/zsyncs/11/connection/serial -
2026.06.30 15:23:50.665   get /dev10001/zsyncs/12/connection/serial -
2026.06.30 15:23:50.665   get /dev10001/zsyncs/13/connection/serial -
2026.06.30 15:23:50.665   get /dev10001/zsyncs/14/connection/serial -
2026.06.30 15:23:50.665   get /dev10001/zsyncs/15/connection/serial -
2026.06.30 15:23:50.665   get /dev10001/zsyncs/16/connection/serial -
2026.06.30 15:23:50.665   get /dev10001/zsyncs/17/connection/serial -
2026.06.30 15:23:50.667 Node log from the data server with id 'zi_server':
2026.06.30 15:23:50.667   set /dev12001/qachannels/*/pipeliner/reset 1
2026.06.30 15:23:50.667   set /dev12001/qachannels/*/pipeliner/mode 0
2026.06.30 15:23:50.667   set /dev12001/qachannels/*/synchronization/enable 0
2026.06.30 15:23:50.667   set /dev12001/sgchannels/*/pipeliner/reset 1
2026.06.30 15:23:50.667   set /dev12001/sgchannels/*/pipeliner/mode 0
2026.06.30 15:23:50.667   set /dev12001/sgchannels/*/synchronization/enable 0
2026.06.30 15:23:50.667   set /dev10001/execution/synchronization/enable 0
2026.06.30 15:23:50.667   set /dev12001/qachannels/*/generator/enable 0
2026.06.30 15:23:50.667   set /dev12001/system/synchronization/source 0
2026.06.30 15:23:50.667   set /dev12001/system/internaltrigger/synchronization/enable 0
2026.06.30 15:23:50.667   set /dev12001/qachannels/*/readout/result/enable 0
2026.06.30 15:23:50.667   set /dev12001/qachannels/*/spectroscopy/psd/enable 0
2026.06.30 15:23:50.667   set /dev12001/qachannels/*/spectroscopy/result/enable 0
2026.06.30 15:23:50.668   set /dev12001/qachannels/*/output/rflfinterlock 1
2026.06.30 15:23:50.668   set /dev12001/qachannels/*/oscs/*/gain 1.0
2026.06.30 15:23:50.668   set /dev12001/scopes/0/enable 0
2026.06.30 15:23:50.668   set /dev12001/scopes/0/channels/*/enable 0
2026.06.30 15:23:50.668   set /dev12001/sgchannels/*/awg/enable 0
2026.06.30 15:23:50.776 Node log from the data server with id 'zi_server':
2026.06.30 15:23:50.776   get /dev12001/sgchannels/0/busy -
2026.06.30 15:23:50.776   get /dev12001/sgchannels/1/busy -
2026.06.30 15:23:50.776   set /dev10001/raw/error/clear 1
2026.06.30 15:23:50.776   get /dev12001/qachannels/0/busy -
2026.06.30 15:23:50.776   set /dev12001/sgchannels/0/output/on 1
2026.06.30 15:23:50.776   set /dev12001/sgchannels/0/output/range 10.0
2026.06.30 15:23:50.776   set /dev12001/sgchannels/0/awg/single 1
2026.06.30 15:23:50.776   set /dev12001/sgchannels/0/awg/modulation/enable 1
2026.06.30 15:23:50.776   set /dev12001/sgchannels/0/marker/source 0
2026.06.30 15:23:50.776   set /dev12001/sgchannels/0/trigger/delay 0.0
2026.06.30 15:23:50.776   set /dev12001/sgchannels/0/output/rflfpath 1
2026.06.30 15:23:50.776   set /dev12001/sgchannels/1/output/on 1
2026.06.30 15:23:50.776   set /dev12001/sgchannels/1/output/range 10.0
2026.06.30 15:23:50.776   set /dev12001/sgchannels/1/awg/single 1
2026.06.30 15:23:50.776   set /dev12001/sgchannels/1/awg/modulation/enable 1
2026.06.30 15:23:50.777   set /dev12001/sgchannels/1/marker/source 0
2026.06.30 15:23:50.777   set /dev12001/sgchannels/1/trigger/delay 0.0
2026.06.30 15:23:50.777   set /dev12001/sgchannels/1/output/rflfpath 1
2026.06.30 15:23:50.777   set /dev12001/qachannels/0/output/on 1
2026.06.30 15:23:50.777   set /dev12001/qachannels/0/output/range -25.0
2026.06.30 15:23:50.777   set /dev12001/qachannels/0/generator/single 1
2026.06.30 15:23:50.777   set /dev12001/qachannels/0/input/rflfpath 1
2026.06.30 15:23:50.777   set /dev12001/qachannels/0/input/on 1
2026.06.30 15:23:50.777   set /dev12001/qachannels/0/input/range 10.0
2026.06.30 15:23:50.777   set /dev12001/sgchannels/0/sines/0/oscselect 1
2026.06.30 15:23:50.777   set /dev12001/sgchannels/0/sines/0/harmonic 1
2026.06.30 15:23:50.777   set /dev12001/sgchannels/0/sines/0/phaseshift 0
2026.06.30 15:23:50.777   set /dev12001/sgchannels/1/sines/0/oscselect 1
2026.06.30 15:23:50.777   set /dev12001/sgchannels/1/sines/0/harmonic 1
2026.06.30 15:23:50.777   set /dev12001/sgchannels/1/sines/0/phaseshift 0
2026.06.30 15:23:50.777   set /dev12001/raw/error/clear 1
2026.06.30 15:23:50.777   get /dev12001/sgchannels/0/output/overrangecount -
2026.06.30 15:23:50.777   get /dev12001/sgchannels/1/output/overrangecount -
2026.06.30 15:23:50.777   get /dev12001/sgchannels/2/output/overrangecount -
2026.06.30 15:23:50.777   get /dev12001/sgchannels/3/output/overrangecount -
2026.06.30 15:23:50.777   get /dev12001/sgchannels/4/output/overrangecount -
2026.06.30 15:23:50.777   get /dev12001/sgchannels/5/output/overrangecount -
2026.06.30 15:23:50.777   get /dev12001/qachannels/0/output/overrangecount -
2026.06.30 15:23:50.777   get /dev12001/qachannels/0/input/overrangecount -
2026.06.30 15:23:50.777   set /dev12001/sgchannels/0/oscs/0/freq -100000000.0
2026.06.30 15:23:50.778   set /dev12001/sgchannels/0/oscs/1/freq -400000000.0
2026.06.30 15:23:50.778   set /dev12001/sgchannels/1/oscs/0/freq 100000000.0
2026.06.30 15:23:50.778   set /dev12001/sgchannels/1/oscs/1/freq -100000000.0
2026.06.30 15:23:50.778   set /dev10001/system/clocks/referenceclock/out/enable 1
2026.06.30 15:23:50.778   set /dev10001/execution/repetitions 1
2026.06.30 15:23:50.778   set /dev12001/qachannels/0/markers/0/source 32
2026.06.30 15:23:50.778   set /dev12001/qachannels/0/markers/1/source 36
2026.06.30 15:23:50.778   set /dev12001/qachannels/0/generator/auxtriggers/0/channel 0
2026.06.30 15:23:50.778   set /dev12001/sgchannels/0/oscs/0/freq -100000000.0
2026.06.30 15:23:50.778   set /dev12001/sgchannels/0/oscs/1/freq -400000000.0
2026.06.30 15:23:50.778   set /dev12001/sgchannels/1/oscs/0/freq 100000000.0
2026.06.30 15:23:50.778   set /dev12001/sgchannels/1/oscs/1/freq -100000000.0
2026.06.30 15:23:50.778   set /dev12001/synthesizers/1/centerfreq 6400000000.0
2026.06.30 15:23:50.778   set /dev12001/qachannels/0/centerfreq 7400000000.0
2026.06.30 15:23:50.778   set /dev12001/qachannels/0/generator/delay 0.0
2026.06.30 15:23:50.778   set /dev12001/qachannels/0/readout/integration/delay 2.32e-07
2026.06.30 15:23:50.778   set /dev12001/sgchannels/0/output/delay 0.0
2026.06.30 15:23:50.778   set /dev12001/sgchannels/1/output/delay 0.0
2026.06.30 15:23:50.778   set /dev10001/execution/holdoff 0.11109171200000001
2026.06.30 15:23:50.778   set /dev12001/qachannels/0/mode 1
2026.06.30 15:23:50.778   set /dev12001/qachannels/0/readout/multistate/qudits/*/enable 0
2026.06.30 15:23:50.778   set /dev12001/sgchannels/0/awg/elf/data vector (?? B)
2026.06.30 15:23:50.778   set /dev12001/sgchannels/0/awg/waveform/waves/0 vector (?? B)
2026.06.30 15:23:50.778   set /dev12001/sgchannels/0/awg/waveform/waves/1 vector (?? B)
2026.06.30 15:23:50.778   set /dev12001/sgchannels/0/awg/waveform/waves/2 vector (?? B)
2026.06.30 15:23:50.778   set /dev12001/sgchannels/0/awg/waveform/waves/3 vector (?? B)
2026.06.30 15:23:50.778   set /dev12001/sgchannels/0/awg/waveform/waves/4 vector (?? B)
2026.06.30 15:23:50.778   set /dev12001/sgchannels/0/awg/waveform/waves/5 vector (?? B)
2026.06.30 15:23:50.778   set /dev12001/sgchannels/0/awg/waveform/waves/6 vector (?? B)
2026.06.30 15:23:50.779   set /dev12001/sgchannels/0/awg/waveform/waves/7 vector (?? B)
2026.06.30 15:23:50.779   set /dev12001/sgchannels/0/awg/waveform/waves/8 vector (?? B)
2026.06.30 15:23:50.779   set /dev12001/sgchannels/0/awg/waveform/waves/9 vector (?? B)
2026.06.30 15:23:50.779   set /dev12001/sgchannels/0/awg/waveform/waves/10 vector (?? B)
2026.06.30 15:23:50.779   set /dev12001/sgchannels/0/awg/waveform/waves/11 vector (?? B)
2026.06.30 15:23:50.779   set /dev12001/sgchannels/0/awg/waveform/waves/12 vector (?? B)
2026.06.30 15:23:50.779   set /dev12001/sgchannels/0/awg/waveform/waves/13 vector (?? B)
2026.06.30 15:23:50.779   set /dev12001/sgchannels/0/awg/waveform/waves/14 vector (?? B)
2026.06.30 15:23:50.779   set /dev12001/sgchannels/0/awg/waveform/waves/15 vector (?? B)
2026.06.30 15:23:50.779   set /dev12001/sgchannels/0/awg/waveform/waves/16 vector (?? B)
2026.06.30 15:23:50.779   set /dev12001/sgchannels/0/awg/waveform/waves/17 vector (?? B)
2026.06.30 15:23:50.779   set /dev12001/sgchannels/0/awg/waveform/waves/18 vector (?? B)
2026.06.30 15:23:50.779   set /dev12001/sgchannels/0/awg/waveform/waves/19 vector (?? B)
2026.06.30 15:23:50.779   set /dev12001/sgchannels/0/awg/waveform/waves/20 vector (?? B)
2026.06.30 15:23:50.779   set /dev12001/sgchannels/0/awg/waveform/waves/21 vector (?? B)
2026.06.30 15:23:50.779   set /dev12001/sgchannels/0/awg/waveform/waves/22 vector (?? B)
2026.06.30 15:23:50.779   set /dev12001/sgchannels/0/awg/waveform/waves/23 vector (?? B)
2026.06.30 15:23:50.779   set /dev12001/sgchannels/0/awg/waveform/waves/24 vector (?? B)
2026.06.30 15:23:50.779   set /dev12001/sgchannels/0/awg/waveform/waves/25 vector (?? B)
2026.06.30 15:23:50.779   set /dev12001/sgchannels/0/awg/waveform/waves/26 vector (?? B)
2026.06.30 15:23:50.779   set /dev12001/sgchannels/0/awg/waveform/waves/27 vector (?? B)
2026.06.30 15:23:50.779   set /dev12001/sgchannels/0/awg/waveform/waves/28 vector (?? B)
2026.06.30 15:23:50.779   set /dev12001/sgchannels/0/awg/waveform/waves/29 vector (?? B)
2026.06.30 15:23:50.779   set /dev12001/sgchannels/0/awg/waveform/waves/30 vector (?? B)
2026.06.30 15:23:50.779   set /dev12001/sgchannels/0/awg/waveform/waves/31 vector (?? B)
2026.06.30 15:23:50.779   set /dev12001/sgchannels/0/awg/waveform/waves/32 vector (?? B)
2026.06.30 15:23:50.779   set /dev12001/sgchannels/0/awg/waveform/waves/33 vector (?? B)
2026.06.30 15:23:50.779   set /dev12001/sgchannels/0/awg/commandtable/data vector (?? B)
2026.06.30 15:23:50.779   set /dev12001/sgchannels/1/awg/elf/data vector (?? B)
2026.06.30 15:23:50.780   set /dev12001/sgchannels/1/awg/waveform/waves/0 vector (?? B)
2026.06.30 15:23:50.780   set /dev12001/sgchannels/1/awg/waveform/waves/1 vector (?? B)
2026.06.30 15:23:50.780   set /dev12001/sgchannels/1/awg/waveform/waves/2 vector (?? B)
2026.06.30 15:23:50.780   set /dev12001/sgchannels/1/awg/waveform/waves/3 vector (?? B)
2026.06.30 15:23:50.780   set /dev12001/sgchannels/1/awg/waveform/waves/4 vector (?? B)
2026.06.30 15:23:50.780   set /dev12001/sgchannels/1/awg/waveform/waves/5 vector (?? B)
2026.06.30 15:23:50.780   set /dev12001/sgchannels/1/awg/waveform/waves/6 vector (?? B)
2026.06.30 15:23:50.780   set /dev12001/sgchannels/1/awg/waveform/waves/7 vector (?? B)
2026.06.30 15:23:50.780   set /dev12001/sgchannels/1/awg/waveform/waves/8 vector (?? B)
2026.06.30 15:23:50.780   set /dev12001/sgchannels/1/awg/waveform/waves/9 vector (?? B)
2026.06.30 15:23:50.780   set /dev12001/sgchannels/1/awg/waveform/waves/10 vector (?? B)
2026.06.30 15:23:50.780   set /dev12001/sgchannels/1/awg/waveform/waves/11 vector (?? B)
2026.06.30 15:23:50.780   set /dev12001/sgchannels/1/awg/waveform/waves/12 vector (?? B)
2026.06.30 15:23:50.780   set /dev12001/sgchannels/1/awg/waveform/waves/13 vector (?? B)
2026.06.30 15:23:50.780   set /dev12001/sgchannels/1/awg/waveform/waves/14 vector (?? B)
2026.06.30 15:23:50.780   set /dev12001/sgchannels/1/awg/waveform/waves/15 vector (?? B)
2026.06.30 15:23:50.780   set /dev12001/sgchannels/1/awg/waveform/waves/16 vector (?? B)
2026.06.30 15:23:50.780   set /dev12001/sgchannels/1/awg/waveform/waves/17 vector (?? B)
2026.06.30 15:23:50.780   set /dev12001/sgchannels/1/awg/waveform/waves/18 vector (?? B)
2026.06.30 15:23:50.780   set /dev12001/sgchannels/1/awg/waveform/waves/19 vector (?? B)
2026.06.30 15:23:50.780   set /dev12001/sgchannels/1/awg/waveform/waves/20 vector (?? B)
2026.06.30 15:23:50.780   set /dev12001/sgchannels/1/awg/waveform/waves/21 vector (?? B)
2026.06.30 15:23:50.780   set /dev12001/sgchannels/1/awg/waveform/waves/22 vector (?? B)
2026.06.30 15:23:50.780   set /dev12001/sgchannels/1/awg/waveform/waves/23 vector (?? B)
2026.06.30 15:23:50.780   set /dev12001/sgchannels/1/awg/waveform/waves/24 vector (?? B)
2026.06.30 15:23:50.780   set /dev12001/sgchannels/1/awg/waveform/waves/25 vector (?? B)
2026.06.30 15:23:50.780   set /dev12001/sgchannels/1/awg/waveform/waves/26 vector (?? B)
2026.06.30 15:23:50.780   set /dev12001/sgchannels/1/awg/waveform/waves/27 vector (?? B)
2026.06.30 15:23:50.781   set /dev12001/sgchannels/1/awg/waveform/waves/28 vector (?? B)
2026.06.30 15:23:50.781   set /dev12001/sgchannels/1/awg/waveform/waves/29 vector (?? B)
2026.06.30 15:23:50.781   set /dev12001/sgchannels/1/awg/waveform/waves/30 vector (?? B)
2026.06.30 15:23:50.781   set /dev12001/sgchannels/1/awg/waveform/waves/31 vector (?? B)
2026.06.30 15:23:50.781   set /dev12001/sgchannels/1/awg/waveform/waves/32 vector (?? B)
2026.06.30 15:23:50.781   set /dev12001/sgchannels/1/awg/waveform/waves/33 vector (?? B)
2026.06.30 15:23:50.781   set /dev12001/sgchannels/1/awg/commandtable/data vector (?? B)
2026.06.30 15:23:50.781   set /dev12001/qachannels/0/readout/multistate/enable 1
2026.06.30 15:23:50.781   set /dev12001/qachannels/0/readout/multistate/zsync/packed 1
2026.06.30 15:23:50.781   set /dev12001/qachannels/0/readout/multistate/qudits/0/numstates 2
2026.06.30 15:23:50.781   set /dev12001/qachannels/0/readout/multistate/qudits/0/enable 1
2026.06.30 15:23:50.781   set /dev12001/qachannels/0/readout/multistate/qudits/0/assignmentvec vector (?? B)
2026.06.30 15:23:50.781   set /dev12001/qachannels/0/readout/multistate/zsync/packed 1
2026.06.30 15:23:50.781   set /dev12001/qachannels/0/readout/multistate/qudits/1/numstates 2
2026.06.30 15:23:50.781   set /dev12001/qachannels/0/readout/multistate/qudits/1/enable 1
2026.06.30 15:23:50.781   set /dev12001/qachannels/0/readout/multistate/qudits/1/assignmentvec vector (?? B)
2026.06.30 15:23:50.781   set /dev12001/qachannels/0/readout/result/enable 0
2026.06.30 15:23:50.781   set /dev12001/qachannels/0/readout/result/source 1
2026.06.30 15:23:50.781   set /dev12001/qachannels/0/readout/result/length 35
2026.06.30 15:23:50.781   set /dev12001/qachannels/0/readout/result/averages 1024
2026.06.30 15:23:50.781   set /dev12001/qachannels/0/readout/result/mode 0
2026.06.30 15:23:50.781   set /dev12001/qachannels/0/readout/multistate/qudits/0/thresholds/0/value 0.0
2026.06.30 15:23:50.781   set /dev12001/qachannels/0/readout/multistate/qudits/1/thresholds/0/value 0.0
2026.06.30 15:23:50.781   set /dev12001/qachannels/0/readout/result/enable 1
2026.06.30 15:23:50.781   set /dev12001/qachannels/0/spectroscopy/result/enable 0
2026.06.30 15:23:50.781   set /dev12001/scopes/0/enable 0
2026.06.30 15:23:50.781   set /dev12001/qachannels/0/generator/elf/data vector (?? B)
2026.06.30 15:23:50.781   set /dev12001/qachannels/0/generator/clearwave 1
2026.06.30 15:23:50.782   set /dev12001/qachannels/0/generator/waveforms/0/wave <unexpected type>
2026.06.30 15:23:50.782   set /dev12001/qachannels/0/generator/waveforms/1/wave <unexpected type>
2026.06.30 15:23:50.782   set /dev12001/qachannels/0/spectroscopy/envelope/enable 0
2026.06.30 15:23:50.782   set /dev12001/qachannels/0/readout/multistate/qudits/0/weights/0/wave vector (?? B)
2026.06.30 15:23:50.782   set /dev12001/qachannels/0/readout/multistate/qudits/1/weights/0/wave vector (?? B)
2026.06.30 15:23:50.782   set /dev12001/qachannels/0/readout/integration/length 4000
2026.06.30 15:23:50.782   set /dev12001/system/internaltrigger/synchronization/enable 0
2026.06.30 15:23:50.782   set /dev12001/system/synchronization/source 0
2026.06.30 15:23:50.782   set /dev12001/qachannels/0/generator/enable 1
2026.06.30 15:23:50.782   set /dev12001/sgchannels/0/awg/enable 1
2026.06.30 15:23:50.782   set /dev12001/sgchannels/1/awg/enable 1
2026.06.30 15:23:50.782   set /dev10001/triggers/out/0/enable 1
2026.06.30 15:23:50.782   set /dev10001/triggers/out/0/port 0
2026.06.30 15:23:50.782   set /dev10001/execution/enable 1
2026.06.30 15:23:50.782   set /dev12001/system/synchronization/source 0
2026.06.30 15:23:50.782   set /dev12001/raw/system/awg/runtimechecks/enable 0
2026.06.30 15:23:50.782   set /dev12001/qachannels/0/readout/result/enable 0
2026.06.30 15:23:50.782   get /dev12001/raw/error/json/errors -
2026.06.30 15:23:50.782   get /dev12001/raw/error/json/errors -
2026.06.30 15:23:50.782   get /dev10001/raw/error/json/errors -
2026.06.30 15:23:50.782   set /dev12001/qachannels/*/spectroscopy/envelope/enable 1
2026.06.30 17:00:27.427 Node log from the data server with id 'zi_server':
2026.06.30 17:00:27.427   get /dev12001/raw/system/awg/runtimechecks/enable -
2026.06.30 17:00:27.427   get /dev12001/raw/system/awg/runtimechecks/enable -
2026.06.30 17:00:27.427   get /dev10001/system/clocks/referenceclock/in/freq -
2026.06.30 17:00:27.428   get /dev10001/system/clocks/referenceclock/in/sourceactual -
2026.06.30 17:00:27.428   get /dev10001/system/clocks/referenceclock/in/source -
2026.06.30 17:00:27.428   get /dev10001/system/clocks/referenceclock/in/status -
2026.06.30 17:00:27.428   set /dev10001/system/clocks/referenceclock/in/source 1
2026.06.30 17:00:27.428   get /dev10001/system/clocks/referenceclock/in/freq -
2026.06.30 17:00:27.428   get /dev10001/system/clocks/referenceclock/in/sourceactual -
2026.06.30 17:00:27.428   get /dev10001/system/clocks/referenceclock/in/source -
2026.06.30 17:00:27.428   get /dev10001/system/clocks/referenceclock/in/status -
2026.06.30 17:00:27.428   get /dev12001/system/clocks/referenceclock/in/freq -
2026.06.30 17:00:27.428   get /dev12001/system/clocks/referenceclock/in/sourceactual -
2026.06.30 17:00:27.428   get /dev12001/system/clocks/referenceclock/in/source -
2026.06.30 17:00:27.428   get /dev12001/system/clocks/referenceclock/in/status -
2026.06.30 17:00:27.428   set /dev12001/system/clocks/referenceclock/in/source 2
2026.06.30 17:00:27.428   get /dev12001/system/clocks/referenceclock/in/freq -
2026.06.30 17:00:27.428   get /dev12001/system/clocks/referenceclock/in/sourceactual -
2026.06.30 17:00:27.428   get /dev12001/system/clocks/referenceclock/in/source -
2026.06.30 17:00:27.428   get /dev12001/system/clocks/referenceclock/in/status -
2026.06.30 17:00:27.428   get /dev10001/zsyncs/0/connection/status -
2026.06.30 17:00:27.428   get /dev10001/zsyncs/1/connection/status -
2026.06.30 17:00:27.428   get /dev10001/zsyncs/2/connection/status -
2026.06.30 17:00:27.428   get /dev10001/zsyncs/3/connection/status -
2026.06.30 17:00:27.428   get /dev10001/zsyncs/4/connection/status -
2026.06.30 17:00:27.428   get /dev10001/zsyncs/5/connection/status -
2026.06.30 17:00:27.428   get /dev10001/zsyncs/6/connection/status -
2026.06.30 17:00:27.428   get /dev10001/zsyncs/7/connection/status -
2026.06.30 17:00:27.428   get /dev10001/zsyncs/8/connection/status -
2026.06.30 17:00:27.428   get /dev10001/zsyncs/9/connection/status -
2026.06.30 17:00:27.428   get /dev10001/zsyncs/10/connection/status -
2026.06.30 17:00:27.428   get /dev10001/zsyncs/11/connection/status -
2026.06.30 17:00:27.429   get /dev10001/zsyncs/12/connection/status -
2026.06.30 17:00:27.429   get /dev10001/zsyncs/13/connection/status -
2026.06.30 17:00:27.429   get /dev10001/zsyncs/14/connection/status -
2026.06.30 17:00:27.429   get /dev10001/zsyncs/15/connection/status -
2026.06.30 17:00:27.429   get /dev10001/zsyncs/16/connection/status -
2026.06.30 17:00:27.429   get /dev10001/zsyncs/17/connection/status -
2026.06.30 17:00:27.429   get /dev10001/zsyncs/0/connection/serial -
2026.06.30 17:00:27.429   get /dev10001/zsyncs/1/connection/serial -
2026.06.30 17:00:27.429   get /dev10001/zsyncs/2/connection/serial -
2026.06.30 17:00:27.429   get /dev10001/zsyncs/3/connection/serial -
2026.06.30 17:00:27.429   get /dev10001/zsyncs/4/connection/serial -
2026.06.30 17:00:27.429   get /dev10001/zsyncs/5/connection/serial -
2026.06.30 17:00:27.429   get /dev10001/zsyncs/6/connection/serial -
2026.06.30 17:00:27.429   get /dev10001/zsyncs/7/connection/serial -
2026.06.30 17:00:27.429   get /dev10001/zsyncs/8/connection/serial -
2026.06.30 17:00:27.429   get /dev10001/zsyncs/9/connection/serial -
2026.06.30 17:00:27.429   get /dev10001/zsyncs/10/connection/serial -
2026.06.30 17:00:27.429   get /dev10001/zsyncs/11/connection/serial -
2026.06.30 17:00:27.429   get /dev10001/zsyncs/12/connection/serial -
2026.06.30 17:00:27.429   get /dev10001/zsyncs/13/connection/serial -
2026.06.30 17:00:27.429   get /dev10001/zsyncs/14/connection/serial -
2026.06.30 17:00:27.429   get /dev10001/zsyncs/15/connection/serial -
2026.06.30 17:00:27.429   get /dev10001/zsyncs/16/connection/serial -
2026.06.30 17:00:27.429   get /dev10001/zsyncs/17/connection/serial -
2026.06.30 17:00:27.431 Node log from the data server with id 'zi_server':
2026.06.30 17:00:27.432   set /dev12001/qachannels/*/pipeliner/reset 1
2026.06.30 17:00:27.432   set /dev12001/qachannels/*/pipeliner/mode 0
2026.06.30 17:00:27.432   set /dev12001/qachannels/*/synchronization/enable 0
2026.06.30 17:00:27.432   set /dev12001/sgchannels/*/pipeliner/reset 1
2026.06.30 17:00:27.432   set /dev12001/sgchannels/*/pipeliner/mode 0
2026.06.30 17:00:27.432   set /dev12001/sgchannels/*/synchronization/enable 0
2026.06.30 17:00:27.432   set /dev10001/execution/synchronization/enable 0
2026.06.30 17:00:27.432   set /dev12001/qachannels/*/generator/enable 0
2026.06.30 17:00:27.432   set /dev12001/system/synchronization/source 0
2026.06.30 17:00:27.432   set /dev12001/system/internaltrigger/synchronization/enable 0
2026.06.30 17:00:27.432   set /dev12001/qachannels/*/readout/result/enable 0
2026.06.30 17:00:27.432   set /dev12001/qachannels/*/spectroscopy/psd/enable 0
2026.06.30 17:00:27.432   set /dev12001/qachannels/*/spectroscopy/result/enable 0
2026.06.30 17:00:27.432   set /dev12001/qachannels/*/output/rflfinterlock 1
2026.06.30 17:00:27.432   set /dev12001/qachannels/*/oscs/*/gain 1.0
2026.06.30 17:00:27.432   set /dev12001/scopes/0/enable 0
2026.06.30 17:00:27.432   set /dev12001/scopes/0/channels/*/enable 0
2026.06.30 17:00:27.432   set /dev12001/sgchannels/*/awg/enable 0
2026.06.30 17:00:27.555 Node log from the data server with id 'zi_server':
2026.06.30 17:00:27.555   get /dev12001/sgchannels/0/busy -
2026.06.30 17:00:27.555   get /dev12001/sgchannels/1/busy -
2026.06.30 17:00:27.555   set /dev10001/raw/error/clear 1
2026.06.30 17:00:27.555   get /dev12001/qachannels/0/busy -
2026.06.30 17:00:27.555   set /dev12001/sgchannels/0/output/on 1
2026.06.30 17:00:27.555   set /dev12001/sgchannels/0/output/range 10.0
2026.06.30 17:00:27.556   set /dev12001/sgchannels/0/awg/single 1
2026.06.30 17:00:27.556   set /dev12001/sgchannels/0/awg/modulation/enable 1
2026.06.30 17:00:27.556   set /dev12001/sgchannels/0/marker/source 0
2026.06.30 17:00:27.556   set /dev12001/sgchannels/0/trigger/delay 0.0
2026.06.30 17:00:27.556   set /dev12001/sgchannels/0/output/rflfpath 1
2026.06.30 17:00:27.556   set /dev12001/sgchannels/1/output/on 1
2026.06.30 17:00:27.556   set /dev12001/sgchannels/1/output/range 10.0
2026.06.30 17:00:27.556   set /dev12001/sgchannels/1/awg/single 1
2026.06.30 17:00:27.556   set /dev12001/sgchannels/1/awg/modulation/enable 1
2026.06.30 17:00:27.556   set /dev12001/sgchannels/1/marker/source 0
2026.06.30 17:00:27.556   set /dev12001/sgchannels/1/trigger/delay 0.0
2026.06.30 17:00:27.556   set /dev12001/sgchannels/1/output/rflfpath 1
2026.06.30 17:00:27.556   set /dev12001/qachannels/0/output/on 1
2026.06.30 17:00:27.556   set /dev12001/qachannels/0/output/range -25.0
2026.06.30 17:00:27.556   set /dev12001/qachannels/0/generator/single 1
2026.06.30 17:00:27.556   set /dev12001/qachannels/0/input/rflfpath 1
2026.06.30 17:00:27.556   set /dev12001/qachannels/0/input/on 1
2026.06.30 17:00:27.556   set /dev12001/qachannels/0/input/range 10.0
2026.06.30 17:00:27.556   set /dev12001/sgchannels/0/sines/0/oscselect 1
2026.06.30 17:00:27.556   set /dev12001/sgchannels/0/sines/0/harmonic 1
2026.06.30 17:00:27.556   set /dev12001/sgchannels/0/sines/0/phaseshift 0
2026.06.30 17:00:27.556   set /dev12001/sgchannels/1/sines/0/oscselect 1
2026.06.30 17:00:27.556   set /dev12001/sgchannels/1/sines/0/harmonic 1
2026.06.30 17:00:27.556   set /dev12001/sgchannels/1/sines/0/phaseshift 0
2026.06.30 17:00:27.556   set /dev12001/raw/error/clear 1
2026.06.30 17:00:27.556   get /dev12001/sgchannels/0/output/overrangecount -
2026.06.30 17:00:27.556   get /dev12001/sgchannels/1/output/overrangecount -
2026.06.30 17:00:27.556   get /dev12001/sgchannels/2/output/overrangecount -
2026.06.30 17:00:27.556   get /dev12001/sgchannels/3/output/overrangecount -
2026.06.30 17:00:27.556   get /dev12001/sgchannels/4/output/overrangecount -
2026.06.30 17:00:27.557   get /dev12001/sgchannels/5/output/overrangecount -
2026.06.30 17:00:27.557   get /dev12001/qachannels/0/output/overrangecount -
2026.06.30 17:00:27.557   get /dev12001/qachannels/0/input/overrangecount -
2026.06.30 17:00:27.557   set /dev12001/sgchannels/0/oscs/0/freq -100000000.0
2026.06.30 17:00:27.557   set /dev12001/sgchannels/0/oscs/1/freq -400000000.0
2026.06.30 17:00:27.557   set /dev12001/sgchannels/1/oscs/0/freq 100000000.0
2026.06.30 17:00:27.557   set /dev12001/sgchannels/1/oscs/1/freq -100000000.0
2026.06.30 17:00:27.557   set /dev10001/system/clocks/referenceclock/out/enable 1
2026.06.30 17:00:27.557   set /dev10001/execution/repetitions 1
2026.06.30 17:00:27.557   set /dev12001/qachannels/0/markers/0/source 32
2026.06.30 17:00:27.557   set /dev12001/qachannels/0/markers/1/source 36
2026.06.30 17:00:27.557   set /dev12001/qachannels/0/generator/auxtriggers/0/channel 0
2026.06.30 17:00:27.557   set /dev12001/sgchannels/0/oscs/0/freq -100000000.0
2026.06.30 17:00:27.557   set /dev12001/sgchannels/0/oscs/1/freq -400000000.0
2026.06.30 17:00:27.557   set /dev12001/sgchannels/1/oscs/0/freq 100000000.0
2026.06.30 17:00:27.557   set /dev12001/sgchannels/1/oscs/1/freq -100000000.0
2026.06.30 17:00:27.557   set /dev12001/synthesizers/1/centerfreq 6400000000.0
2026.06.30 17:00:27.557   set /dev12001/qachannels/0/centerfreq 7400000000.0
2026.06.30 17:00:27.557   set /dev12001/qachannels/0/generator/delay 0.0
2026.06.30 17:00:27.557   set /dev12001/qachannels/0/readout/integration/delay 2.32e-07
2026.06.30 17:00:27.557   set /dev12001/sgchannels/0/output/delay 0.0
2026.06.30 17:00:27.557   set /dev12001/sgchannels/1/output/delay 0.0
2026.06.30 17:00:27.557   set /dev10001/execution/holdoff 1.4425538560000002
2026.06.30 17:00:27.557   set /dev12001/qachannels/0/mode 1
2026.06.30 17:00:27.557   set /dev12001/qachannels/0/readout/multistate/qudits/*/enable 0
2026.06.30 17:00:27.557   set /dev12001/sgchannels/0/awg/elf/data vector (?? B)
2026.06.30 17:00:27.557   set /dev12001/sgchannels/0/awg/waveform/waves/0 vector (?? B)
2026.06.30 17:00:27.557   set /dev12001/sgchannels/0/awg/waveform/waves/1 vector (?? B)
2026.06.30 17:00:27.557   set /dev12001/sgchannels/0/awg/waveform/waves/2 vector (?? B)
2026.06.30 17:00:27.558   set /dev12001/sgchannels/0/awg/waveform/waves/3 vector (?? B)
2026.06.30 17:00:27.558   set /dev12001/sgchannels/0/awg/waveform/waves/4 vector (?? B)
2026.06.30 17:00:27.558   set /dev12001/sgchannels/0/awg/waveform/waves/5 vector (?? B)
2026.06.30 17:00:27.558   set /dev12001/sgchannels/0/awg/waveform/waves/6 vector (?? B)
2026.06.30 17:00:27.558   set /dev12001/sgchannels/0/awg/waveform/waves/7 vector (?? B)
2026.06.30 17:00:27.558   set /dev12001/sgchannels/0/awg/waveform/waves/8 vector (?? B)
2026.06.30 17:00:27.558   set /dev12001/sgchannels/0/awg/waveform/waves/9 vector (?? B)
2026.06.30 17:00:27.558   set /dev12001/sgchannels/0/awg/waveform/waves/10 vector (?? B)
2026.06.30 17:00:27.558   set /dev12001/sgchannels/0/awg/waveform/waves/11 vector (?? B)
2026.06.30 17:00:27.558   set /dev12001/sgchannels/0/awg/waveform/waves/12 vector (?? B)
2026.06.30 17:00:27.558   set /dev12001/sgchannels/0/awg/waveform/waves/13 vector (?? B)
2026.06.30 17:00:27.558   set /dev12001/sgchannels/0/awg/waveform/waves/14 vector (?? B)
2026.06.30 17:00:27.558   set /dev12001/sgchannels/0/awg/waveform/waves/15 vector (?? B)
2026.06.30 17:00:27.558   set /dev12001/sgchannels/0/awg/commandtable/data vector (?? B)
2026.06.30 17:00:27.558   set /dev12001/sgchannels/1/awg/elf/data vector (?? B)
2026.06.30 17:00:27.558   set /dev12001/sgchannels/1/awg/waveform/waves/0 vector (?? B)
2026.06.30 17:00:27.558   set /dev12001/sgchannels/1/awg/waveform/waves/1 vector (?? B)
2026.06.30 17:00:27.558   set /dev12001/sgchannels/1/awg/waveform/waves/2 vector (?? B)
2026.06.30 17:00:27.558   set /dev12001/sgchannels/1/awg/waveform/waves/3 vector (?? B)
2026.06.30 17:00:27.558   set /dev12001/sgchannels/1/awg/waveform/waves/4 vector (?? B)
2026.06.30 17:00:27.558   set /dev12001/sgchannels/1/awg/waveform/waves/5 vector (?? B)
2026.06.30 17:00:27.558   set /dev12001/sgchannels/1/awg/waveform/waves/6 vector (?? B)
2026.06.30 17:00:27.558   set /dev12001/sgchannels/1/awg/waveform/waves/7 vector (?? B)
2026.06.30 17:00:27.558   set /dev12001/sgchannels/1/awg/waveform/waves/8 vector (?? B)
2026.06.30 17:00:27.558   set /dev12001/sgchannels/1/awg/waveform/waves/9 vector (?? B)
2026.06.30 17:00:27.558   set /dev12001/sgchannels/1/awg/waveform/waves/10 vector (?? B)
2026.06.30 17:00:27.558   set /dev12001/sgchannels/1/awg/waveform/waves/11 vector (?? B)
2026.06.30 17:00:27.558   set /dev12001/sgchannels/1/awg/waveform/waves/12 vector (?? B)
2026.06.30 17:00:27.559   set /dev12001/sgchannels/1/awg/waveform/waves/13 vector (?? B)
2026.06.30 17:00:27.559   set /dev12001/sgchannels/1/awg/waveform/waves/14 vector (?? B)
2026.06.30 17:00:27.559   set /dev12001/sgchannels/1/awg/waveform/waves/15 vector (?? B)
2026.06.30 17:00:27.559   set /dev12001/sgchannels/1/awg/commandtable/data vector (?? B)
2026.06.30 17:00:27.559   set /dev12001/qachannels/0/readout/multistate/enable 1
2026.06.30 17:00:27.559   set /dev12001/qachannels/0/readout/multistate/zsync/packed 1
2026.06.30 17:00:27.559   set /dev12001/qachannels/0/readout/multistate/qudits/0/numstates 2
2026.06.30 17:00:27.559   set /dev12001/qachannels/0/readout/multistate/qudits/0/enable 1
2026.06.30 17:00:27.559   set /dev12001/qachannels/0/readout/multistate/qudits/0/assignmentvec vector (?? B)
2026.06.30 17:00:27.559   set /dev12001/qachannels/0/readout/multistate/zsync/packed 1
2026.06.30 17:00:27.559   set /dev12001/qachannels/0/readout/multistate/qudits/1/numstates 2
2026.06.30 17:00:27.559   set /dev12001/qachannels/0/readout/multistate/qudits/1/enable 1
2026.06.30 17:00:27.559   set /dev12001/qachannels/0/readout/multistate/qudits/1/assignmentvec vector (?? B)
2026.06.30 17:00:27.559   set /dev12001/qachannels/0/readout/result/enable 0
2026.06.30 17:00:27.559   set /dev12001/qachannels/0/readout/result/source 1
2026.06.30 17:00:27.559   set /dev12001/qachannels/0/readout/result/length 52
2026.06.30 17:00:27.559   set /dev12001/qachannels/0/readout/result/averages 1024
2026.06.30 17:00:27.559   set /dev12001/qachannels/0/readout/result/mode 0
2026.06.30 17:00:27.559   set /dev12001/qachannels/0/readout/multistate/qudits/0/thresholds/0/value 0.0
2026.06.30 17:00:27.559   set /dev12001/qachannels/0/readout/multistate/qudits/1/thresholds/0/value 0.0
2026.06.30 17:00:27.559   set /dev12001/qachannels/0/readout/result/enable 1
2026.06.30 17:00:27.559   set /dev12001/qachannels/0/spectroscopy/result/enable 0
2026.06.30 17:00:27.559   set /dev12001/scopes/0/enable 0
2026.06.30 17:00:27.559   set /dev12001/qachannels/0/generator/elf/data vector (?? B)
2026.06.30 17:00:27.559   set /dev12001/qachannels/0/generator/clearwave 1
2026.06.30 17:00:27.560   set /dev12001/qachannels/0/generator/waveforms/0/wave <unexpected type>
2026.06.30 17:00:27.560   set /dev12001/qachannels/0/generator/waveforms/1/wave <unexpected type>
2026.06.30 17:00:27.560   set /dev12001/qachannels/0/spectroscopy/envelope/enable 0
2026.06.30 17:00:27.560   set /dev12001/qachannels/0/readout/multistate/qudits/0/weights/0/wave vector (?? B)
2026.06.30 17:00:27.560   set /dev12001/qachannels/0/readout/multistate/qudits/1/weights/0/wave vector (?? B)
2026.06.30 17:00:27.560   set /dev12001/qachannels/0/readout/integration/length 4000
2026.06.30 17:00:27.560   set /dev12001/system/internaltrigger/synchronization/enable 0
2026.06.30 17:00:27.560   set /dev12001/system/synchronization/source 0
2026.06.30 17:00:27.560   set /dev12001/qachannels/0/generator/enable 1
2026.06.30 17:00:27.560   set /dev12001/sgchannels/0/awg/enable 1
2026.06.30 17:00:27.560   set /dev12001/sgchannels/1/awg/enable 1
2026.06.30 17:00:27.560   set /dev10001/triggers/out/0/enable 1
2026.06.30 17:00:27.560   set /dev10001/triggers/out/0/port 0
2026.06.30 17:00:27.560   set /dev10001/execution/enable 1
2026.06.30 17:00:27.560   set /dev12001/system/synchronization/source 0
2026.06.30 17:00:27.560   set /dev12001/raw/system/awg/runtimechecks/enable 0
2026.06.30 17:00:27.560   set /dev12001/qachannels/0/readout/result/enable 0
2026.06.30 17:00:27.560   get /dev12001/raw/error/json/errors -
2026.06.30 17:00:27.560   get /dev12001/raw/error/json/errors -
2026.06.30 17:00:27.560   get /dev10001/raw/error/json/errors -
2026.06.30 17:00:27.560   set /dev12001/qachannels/*/spectroscopy/envelope/enable 1
2026.07.01 12:33:06.229 Node log from the data server with id 'zi_server':
2026.07.01 12:33:06.230   get /dev12001/raw/system/awg/runtimechecks/enable -
2026.07.01 12:33:06.230   get /dev12001/raw/system/awg/runtimechecks/enable -
2026.07.01 12:33:06.230   get /dev10001/system/clocks/referenceclock/in/freq -
2026.07.01 12:33:06.230   get /dev10001/system/clocks/referenceclock/in/sourceactual -
2026.07.01 12:33:06.230   get /dev10001/system/clocks/referenceclock/in/source -
2026.07.01 12:33:06.230   get /dev10001/system/clocks/referenceclock/in/status -
2026.07.01 12:33:06.230   set /dev10001/system/clocks/referenceclock/in/source 1
2026.07.01 12:33:06.230   get /dev10001/system/clocks/referenceclock/in/freq -
2026.07.01 12:33:06.230   get /dev10001/system/clocks/referenceclock/in/sourceactual -
2026.07.01 12:33:06.230   get /dev10001/system/clocks/referenceclock/in/source -
2026.07.01 12:33:06.230   get /dev10001/system/clocks/referenceclock/in/status -
2026.07.01 12:33:06.230   get /dev12001/system/clocks/referenceclock/in/freq -
2026.07.01 12:33:06.230   get /dev12001/system/clocks/referenceclock/in/sourceactual -
2026.07.01 12:33:06.230   get /dev12001/system/clocks/referenceclock/in/source -
2026.07.01 12:33:06.230   get /dev12001/system/clocks/referenceclock/in/status -
2026.07.01 12:33:06.230   set /dev12001/system/clocks/referenceclock/in/source 2
2026.07.01 12:33:06.230   get /dev12001/system/clocks/referenceclock/in/freq -
2026.07.01 12:33:06.230   get /dev12001/system/clocks/referenceclock/in/sourceactual -
2026.07.01 12:33:06.230   get /dev12001/system/clocks/referenceclock/in/source -
2026.07.01 12:33:06.230   get /dev12001/system/clocks/referenceclock/in/status -
2026.07.01 12:33:06.230   get /dev10001/zsyncs/0/connection/status -
2026.07.01 12:33:06.230   get /dev10001/zsyncs/1/connection/status -
2026.07.01 12:33:06.230   get /dev10001/zsyncs/2/connection/status -
2026.07.01 12:33:06.230   get /dev10001/zsyncs/3/connection/status -
2026.07.01 12:33:06.230   get /dev10001/zsyncs/4/connection/status -
2026.07.01 12:33:06.230   get /dev10001/zsyncs/5/connection/status -
2026.07.01 12:33:06.230   get /dev10001/zsyncs/6/connection/status -
2026.07.01 12:33:06.230   get /dev10001/zsyncs/7/connection/status -
2026.07.01 12:33:06.231   get /dev10001/zsyncs/8/connection/status -
2026.07.01 12:33:06.231   get /dev10001/zsyncs/9/connection/status -
2026.07.01 12:33:06.231   get /dev10001/zsyncs/10/connection/status -
2026.07.01 12:33:06.231   get /dev10001/zsyncs/11/connection/status -
2026.07.01 12:33:06.231   get /dev10001/zsyncs/12/connection/status -
2026.07.01 12:33:06.231   get /dev10001/zsyncs/13/connection/status -
2026.07.01 12:33:06.231   get /dev10001/zsyncs/14/connection/status -
2026.07.01 12:33:06.231   get /dev10001/zsyncs/15/connection/status -
2026.07.01 12:33:06.231   get /dev10001/zsyncs/16/connection/status -
2026.07.01 12:33:06.231   get /dev10001/zsyncs/17/connection/status -
2026.07.01 12:33:06.231   get /dev10001/zsyncs/0/connection/serial -
2026.07.01 12:33:06.231   get /dev10001/zsyncs/1/connection/serial -
2026.07.01 12:33:06.231   get /dev10001/zsyncs/2/connection/serial -
2026.07.01 12:33:06.231   get /dev10001/zsyncs/3/connection/serial -
2026.07.01 12:33:06.231   get /dev10001/zsyncs/4/connection/serial -
2026.07.01 12:33:06.231   get /dev10001/zsyncs/5/connection/serial -
2026.07.01 12:33:06.231   get /dev10001/zsyncs/6/connection/serial -
2026.07.01 12:33:06.231   get /dev10001/zsyncs/7/connection/serial -
2026.07.01 12:33:06.231   get /dev10001/zsyncs/8/connection/serial -
2026.07.01 12:33:06.231   get /dev10001/zsyncs/9/connection/serial -
2026.07.01 12:33:06.231   get /dev10001/zsyncs/10/connection/serial -
2026.07.01 12:33:06.231   get /dev10001/zsyncs/11/connection/serial -
2026.07.01 12:33:06.231   get /dev10001/zsyncs/12/connection/serial -
2026.07.01 12:33:06.231   get /dev10001/zsyncs/13/connection/serial -
2026.07.01 12:33:06.231   get /dev10001/zsyncs/14/connection/serial -
2026.07.01 12:33:06.231   get /dev10001/zsyncs/15/connection/serial -
2026.07.01 12:33:06.231   get /dev10001/zsyncs/16/connection/serial -
2026.07.01 12:33:06.231   get /dev10001/zsyncs/17/connection/serial -
2026.07.01 12:33:06.234 Node log from the data server with id 'zi_server':
2026.07.01 12:33:06.234   set /dev12001/qachannels/*/pipeliner/reset 1
2026.07.01 12:33:06.234   set /dev12001/qachannels/*/pipeliner/mode 0
2026.07.01 12:33:06.234   set /dev12001/qachannels/*/synchronization/enable 0
2026.07.01 12:33:06.234   set /dev12001/sgchannels/*/pipeliner/reset 1
2026.07.01 12:33:06.234   set /dev12001/sgchannels/*/pipeliner/mode 0
2026.07.01 12:33:06.234   set /dev12001/sgchannels/*/synchronization/enable 0
2026.07.01 12:33:06.234   set /dev10001/execution/synchronization/enable 0
2026.07.01 12:33:06.234   set /dev12001/qachannels/*/generator/enable 0
2026.07.01 12:33:06.234   set /dev12001/system/synchronization/source 0
2026.07.01 12:33:06.234   set /dev12001/system/internaltrigger/synchronization/enable 0
2026.07.01 12:33:06.234   set /dev12001/qachannels/*/readout/result/enable 0
2026.07.01 12:33:06.234   set /dev12001/qachannels/*/spectroscopy/psd/enable 0
2026.07.01 12:33:06.234   set /dev12001/qachannels/*/spectroscopy/result/enable 0
2026.07.01 12:33:06.234   set /dev12001/qachannels/*/output/rflfinterlock 1
2026.07.01 12:33:06.234   set /dev12001/qachannels/*/oscs/*/gain 1.0
2026.07.01 12:33:06.234   set /dev12001/scopes/0/enable 0
2026.07.01 12:33:06.234   set /dev12001/scopes/0/channels/*/enable 0
2026.07.01 12:33:06.234   set /dev12001/sgchannels/*/awg/enable 0
2026.07.01 12:33:06.360 Node log from the data server with id 'zi_server':
2026.07.01 12:33:06.360   get /dev12001/sgchannels/0/busy -
2026.07.01 12:33:06.360   get /dev12001/sgchannels/1/busy -
2026.07.01 12:33:06.360   set /dev10001/raw/error/clear 1
2026.07.01 12:33:06.361   get /dev12001/qachannels/0/busy -
2026.07.01 12:33:06.361   set /dev12001/sgchannels/0/output/on 1
2026.07.01 12:33:06.361   set /dev12001/sgchannels/0/output/range 10.0
2026.07.01 12:33:06.361   set /dev12001/sgchannels/0/awg/single 1
2026.07.01 12:33:06.361   set /dev12001/sgchannels/0/awg/modulation/enable 1
2026.07.01 12:33:06.361   set /dev12001/sgchannels/0/marker/source 0
2026.07.01 12:33:06.361   set /dev12001/sgchannels/0/trigger/delay 0.0
2026.07.01 12:33:06.361   set /dev12001/sgchannels/0/output/rflfpath 1
2026.07.01 12:33:06.361   set /dev12001/sgchannels/1/output/on 1
2026.07.01 12:33:06.361   set /dev12001/sgchannels/1/output/range 10.0
2026.07.01 12:33:06.361   set /dev12001/sgchannels/1/awg/single 1
2026.07.01 12:33:06.361   set /dev12001/sgchannels/1/awg/modulation/enable 1
2026.07.01 12:33:06.361   set /dev12001/sgchannels/1/marker/source 0
2026.07.01 12:33:06.361   set /dev12001/sgchannels/1/trigger/delay 0.0
2026.07.01 12:33:06.361   set /dev12001/sgchannels/1/output/rflfpath 1
2026.07.01 12:33:06.361   set /dev12001/qachannels/0/output/on 1
2026.07.01 12:33:06.361   set /dev12001/qachannels/0/output/range -25.0
2026.07.01 12:33:06.361   set /dev12001/qachannels/0/generator/single 1
2026.07.01 12:33:06.361   set /dev12001/qachannels/0/input/rflfpath 1
2026.07.01 12:33:06.361   set /dev12001/qachannels/0/input/on 1
2026.07.01 12:33:06.361   set /dev12001/qachannels/0/input/range 10.0
2026.07.01 12:33:06.361   set /dev12001/sgchannels/0/sines/0/oscselect 1
2026.07.01 12:33:06.362   set /dev12001/sgchannels/0/sines/0/harmonic 1
2026.07.01 12:33:06.362   set /dev12001/sgchannels/0/sines/0/phaseshift 0
2026.07.01 12:33:06.362   set /dev12001/sgchannels/1/sines/0/oscselect 1
2026.07.01 12:33:06.362   set /dev12001/sgchannels/1/sines/0/harmonic 1
2026.07.01 12:33:06.362   set /dev12001/sgchannels/1/sines/0/phaseshift 0
2026.07.01 12:33:06.362   set /dev12001/raw/error/clear 1
2026.07.01 12:33:06.362   get /dev12001/sgchannels/0/output/overrangecount -
2026.07.01 12:33:06.362   get /dev12001/sgchannels/1/output/overrangecount -
2026.07.01 12:33:06.362   get /dev12001/sgchannels/2/output/overrangecount -
2026.07.01 12:33:06.362   get /dev12001/sgchannels/3/output/overrangecount -
2026.07.01 12:33:06.362   get /dev12001/sgchannels/4/output/overrangecount -
2026.07.01 12:33:06.362   get /dev12001/sgchannels/5/output/overrangecount -
2026.07.01 12:33:06.362   get /dev12001/qachannels/0/output/overrangecount -
2026.07.01 12:33:06.362   get /dev12001/qachannels/0/input/overrangecount -
2026.07.01 12:33:06.362   set /dev12001/sgchannels/0/oscs/0/freq -100000000.0
2026.07.01 12:33:06.362   set /dev12001/sgchannels/0/oscs/1/freq -400000000.0
2026.07.01 12:33:06.362   set /dev12001/sgchannels/1/oscs/0/freq 100000000.0
2026.07.01 12:33:06.362   set /dev12001/sgchannels/1/oscs/1/freq -100000000.0
2026.07.01 12:33:06.362   set /dev10001/system/clocks/referenceclock/out/enable 1
2026.07.01 12:33:06.362   set /dev10001/execution/repetitions 1
2026.07.01 12:33:06.362   set /dev12001/qachannels/0/markers/0/source 32
2026.07.01 12:33:06.362   set /dev12001/qachannels/0/markers/1/source 36
2026.07.01 12:33:06.362   set /dev12001/qachannels/0/generator/auxtriggers/0/channel 0
2026.07.01 12:33:06.362   set /dev12001/sgchannels/0/oscs/0/freq -100000000.0
2026.07.01 12:33:06.362   set /dev12001/sgchannels/0/oscs/1/freq -400000000.0
2026.07.01 12:33:06.362   set /dev12001/sgchannels/1/oscs/0/freq 100000000.0
2026.07.01 12:33:06.362   set /dev12001/sgchannels/1/oscs/1/freq -100000000.0
2026.07.01 12:33:06.362   set /dev12001/synthesizers/1/centerfreq 6400000000.0
2026.07.01 12:33:06.363   set /dev12001/qachannels/0/centerfreq 7400000000.0
2026.07.01 12:33:06.363   set /dev12001/qachannels/0/generator/delay 0.0
2026.07.01 12:33:06.363   set /dev12001/qachannels/0/readout/integration/delay 2.32e-07
2026.07.01 12:33:06.363   set /dev12001/sgchannels/0/output/delay 0.0
2026.07.01 12:33:06.363   set /dev12001/sgchannels/1/output/delay 0.0
2026.07.01 12:33:06.363   set /dev10001/execution/holdoff 0.265060352
2026.07.01 12:33:06.363   set /dev12001/qachannels/0/mode 1
2026.07.01 12:33:06.363   set /dev12001/qachannels/0/readout/multistate/qudits/*/enable 0
2026.07.01 12:33:06.363   set /dev12001/sgchannels/0/awg/elf/data vector (?? B)
2026.07.01 12:33:06.363   set /dev12001/sgchannels/0/awg/waveform/waves/0 vector (?? B)
2026.07.01 12:33:06.363   set /dev12001/sgchannels/0/awg/waveform/waves/1 vector (?? B)
2026.07.01 12:33:06.363   set /dev12001/sgchannels/0/awg/waveform/waves/2 vector (?? B)
2026.07.01 12:33:06.363   set /dev12001/sgchannels/0/awg/waveform/waves/3 vector (?? B)
2026.07.01 12:33:06.363   set /dev12001/sgchannels/0/awg/waveform/waves/4 vector (?? B)
2026.07.01 12:33:06.363   set /dev12001/sgchannels/0/awg/waveform/waves/5 vector (?? B)
2026.07.01 12:33:06.363   set /dev12001/sgchannels/0/awg/waveform/waves/6 vector (?? B)
2026.07.01 12:33:06.363   set /dev12001/sgchannels/0/awg/waveform/waves/7 vector (?? B)
2026.07.01 12:33:06.363   set /dev12001/sgchannels/0/awg/waveform/waves/8 vector (?? B)
2026.07.01 12:33:06.363   set /dev12001/sgchannels/0/awg/waveform/waves/9 vector (?? B)
2026.07.01 12:33:06.363   set /dev12001/sgchannels/0/awg/waveform/waves/10 vector (?? B)
2026.07.01 12:33:06.363   set /dev12001/sgchannels/0/awg/commandtable/data vector (?? B)
2026.07.01 12:33:06.363   set /dev12001/sgchannels/1/awg/elf/data vector (?? B)
2026.07.01 12:33:06.363   set /dev12001/sgchannels/1/awg/waveform/waves/0 vector (?? B)
2026.07.01 12:33:06.363   set /dev12001/sgchannels/1/awg/waveform/waves/1 vector (?? B)
2026.07.01 12:33:06.363   set /dev12001/sgchannels/1/awg/waveform/waves/2 vector (?? B)
2026.07.01 12:33:06.363   set /dev12001/sgchannels/1/awg/waveform/waves/3 vector (?? B)
2026.07.01 12:33:06.364   set /dev12001/sgchannels/1/awg/waveform/waves/4 vector (?? B)
2026.07.01 12:33:06.364   set /dev12001/sgchannels/1/awg/waveform/waves/5 vector (?? B)
2026.07.01 12:33:06.364   set /dev12001/sgchannels/1/awg/waveform/waves/6 vector (?? B)
2026.07.01 12:33:06.364   set /dev12001/sgchannels/1/awg/waveform/waves/7 vector (?? B)
2026.07.01 12:33:06.364   set /dev12001/sgchannels/1/awg/waveform/waves/8 vector (?? B)
2026.07.01 12:33:06.364   set /dev12001/sgchannels/1/awg/waveform/waves/9 vector (?? B)
2026.07.01 12:33:06.364   set /dev12001/sgchannels/1/awg/waveform/waves/10 vector (?? B)
2026.07.01 12:33:06.364   set /dev12001/sgchannels/1/awg/commandtable/data vector (?? B)
2026.07.01 12:33:06.364   set /dev12001/qachannels/0/readout/multistate/enable 1
2026.07.01 12:33:06.364   set /dev12001/qachannels/0/readout/multistate/zsync/packed 1
2026.07.01 12:33:06.364   set /dev12001/qachannels/0/readout/multistate/qudits/0/numstates 2
2026.07.01 12:33:06.364   set /dev12001/qachannels/0/readout/multistate/qudits/0/enable 1
2026.07.01 12:33:06.364   set /dev12001/qachannels/0/readout/multistate/qudits/0/assignmentvec vector (?? B)
2026.07.01 12:33:06.364   set /dev12001/qachannels/0/readout/multistate/zsync/packed 1
2026.07.01 12:33:06.364   set /dev12001/qachannels/0/readout/multistate/qudits/1/numstates 2
2026.07.01 12:33:06.364   set /dev12001/qachannels/0/readout/multistate/qudits/1/enable 1
2026.07.01 12:33:06.364   set /dev12001/qachannels/0/readout/multistate/qudits/1/assignmentvec vector (?? B)
2026.07.01 12:33:06.364   set /dev12001/qachannels/0/readout/result/enable 0
2026.07.01 12:33:06.364   set /dev12001/qachannels/0/readout/result/source 1
2026.07.01 12:33:06.364   set /dev12001/qachannels/0/readout/result/length 33
2026.07.01 12:33:06.364   set /dev12001/qachannels/0/readout/result/averages 1024
2026.07.01 12:33:06.364   set /dev12001/qachannels/0/readout/result/mode 0
2026.07.01 12:33:06.364   set /dev12001/qachannels/0/readout/multistate/qudits/0/thresholds/0/value 0.0
2026.07.01 12:33:06.364   set /dev12001/qachannels/0/readout/multistate/qudits/1/thresholds/0/value 0.0
2026.07.01 12:33:06.364   set /dev12001/qachannels/0/readout/result/enable 1
2026.07.01 12:33:06.364   set /dev12001/qachannels/0/spectroscopy/result/enable 0
2026.07.01 12:33:06.364   set /dev12001/scopes/0/enable 0
2026.07.01 12:33:06.364   set /dev12001/qachannels/0/generator/elf/data vector (?? B)
2026.07.01 12:33:06.365   set /dev12001/qachannels/0/generator/clearwave 1
2026.07.01 12:33:06.365   set /dev12001/qachannels/0/generator/waveforms/0/wave <unexpected type>
2026.07.01 12:33:06.365   set /dev12001/qachannels/0/generator/waveforms/1/wave <unexpected type>
2026.07.01 12:33:06.365   set /dev12001/qachannels/0/spectroscopy/envelope/enable 0
2026.07.01 12:33:06.365   set /dev12001/qachannels/0/readout/multistate/qudits/0/weights/0/wave vector (?? B)
2026.07.01 12:33:06.365   set /dev12001/qachannels/0/readout/multistate/qudits/1/weights/0/wave vector (?? B)
2026.07.01 12:33:06.365   set /dev12001/qachannels/0/readout/integration/length 4000
2026.07.01 12:33:06.365   set /dev12001/system/internaltrigger/synchronization/enable 0
2026.07.01 12:33:06.365   set /dev12001/system/synchronization/source 0
2026.07.01 12:33:06.365   set /dev12001/qachannels/0/generator/enable 1
2026.07.01 12:33:06.365   set /dev12001/sgchannels/0/awg/enable 1
2026.07.01 12:33:06.365   set /dev12001/sgchannels/1/awg/enable 1
2026.07.01 12:33:06.365   set /dev10001/triggers/out/0/enable 1
2026.07.01 12:33:06.365   set /dev10001/triggers/out/0/port 0
2026.07.01 12:33:06.365   set /dev10001/execution/enable 1
2026.07.01 12:33:06.365   set /dev12001/system/synchronization/source 0
2026.07.01 12:33:06.365   set /dev12001/raw/system/awg/runtimechecks/enable 0
2026.07.01 12:33:06.365   set /dev12001/qachannels/0/readout/result/enable 0
2026.07.01 12:33:06.365   get /dev12001/raw/error/json/errors -
2026.07.01 12:33:06.365   get /dev12001/raw/error/json/errors -
2026.07.01 12:33:06.365   get /dev10001/raw/error/json/errors -
2026.07.01 12:33:06.365   set /dev12001/qachannels/*/spectroscopy/envelope/enable 1
