2026.06.26 14:39:23.376 Node log from the data server with id 'zi_server':
2026.06.26 14:39:23.376   get /dev12001/raw/system/awg/runtimechecks/enable -
2026.06.26 14:39:23.376   get /dev12001/raw/system/awg/runtimechecks/enable -
2026.06.26 14:39:23.376   get /dev10001/system/clocks/referenceclock/in/freq -
2026.06.26 14:39:23.376   get /dev10001/system/clocks/referenceclock/in/sourceactual -
2026.06.26 14:39:23.376   get /dev10001/system/clocks/referenceclock/in/source -
2026.06.26 14:39:23.376   get /dev10001/system/clocks/referenceclock/in/status -
2026.06.26 14:39:23.376   set /dev10001/system/clocks/referenceclock/in/source 1
2026.06.26 14:39:23.376   get /dev10001/system/clocks/referenceclock/in/freq -
2026.06.26 14:39:23.376   get /dev10001/system/clocks/referenceclock/in/sourceactual -
2026.06.26 14:39:23.376   get /dev10001/system/clocks/referenceclock/in/source -
2026.06.26 14:39:23.376   get /dev10001/system/clocks/referenceclock/in/status -
2026.06.26 14:39:23.376   get /dev12001/system/clocks/referenceclock/in/freq -
2026.06.26 14:39:23.376   get /dev12001/system/clocks/referenceclock/in/sourceactual -
2026.06.26 14:39:23.376   get /dev12001/system/clocks/referenceclock/in/source -
2026.06.26 14:39:23.376   get /dev12001/system/clocks/referenceclock/in/status -
2026.06.26 14:39:23.376   set /dev12001/system/clocks/referenceclock/in/source 2
2026.06.26 14:39:23.377   get /dev12001/system/clocks/referenceclock/in/freq -
2026.06.26 14:39:23.377   get /dev12001/system/clocks/referenceclock/in/sourceactual -
2026.06.26 14:39:23.377   get /dev12001/system/clocks/referenceclock/in/source -
2026.06.26 14:39:23.377   get /dev12001/system/clocks/referenceclock/in/status -
2026.06.26 14:39:23.377   get /dev10001/zsyncs/0/connection/status -
2026.06.26 14:39:23.377   get /dev10001/zsyncs/1/connection/status -
2026.06.26 14:39:23.377   get /dev10001/zsyncs/2/connection/status -
2026.06.26 14:39:23.377   get /dev10001/zsyncs/3/connection/status -
2026.06.26 14:39:23.377   get /dev10001/zsyncs/4/connection/status -
2026.06.26 14:39:23.377   get /dev10001/zsyncs/5/connection/status -
2026.06.26 14:39:23.377   get /dev10001/zsyncs/6/connection/status -
2026.06.26 14:39:23.377   get /dev10001/zsyncs/7/connection/status -
2026.06.26 14:39:23.377   get /dev10001/zsyncs/8/connection/status -
2026.06.26 14:39:23.377   get /dev10001/zsyncs/9/connection/status -
2026.06.26 14:39:23.377   get /dev10001/zsyncs/10/connection/status -
2026.06.26 14:39:23.377   get /dev10001/zsyncs/11/connection/status -
2026.06.26 14:39:23.377   get /dev10001/zsyncs/12/connection/status -
2026.06.26 14:39:23.377   get /dev10001/zsyncs/13/connection/status -
2026.06.26 14:39:23.377   get /dev10001/zsyncs/14/connection/status -
2026.06.26 14:39:23.377   get /dev10001/zsyncs/15/connection/status -
2026.06.26 14:39:23.377   get /dev10001/zsyncs/16/connection/status -
2026.06.26 14:39:23.377   get /dev10001/zsyncs/17/connection/status -
2026.06.26 14:39:23.377   get /dev10001/zsyncs/0/connection/serial -
2026.06.26 14:39:23.377   get /dev10001/zsyncs/1/connection/serial -
2026.06.26 14:39:23.377   get /dev10001/zsyncs/2/connection/serial -
2026.06.26 14:39:23.377   get /dev10001/zsyncs/3/connection/serial -
2026.06.26 14:39:23.377   get /dev10001/zsyncs/4/connection/serial -
2026.06.26 14:39:23.377   get /dev10001/zsyncs/5/connection/serial -
2026.06.26 14:39:23.377   get /dev10001/zsyncs/6/connection/serial -
2026.06.26 14:39:23.377   get /dev10001/zsyncs/7/connection/serial -
2026.06.26 14:39:23.377   get /dev10001/zsyncs/8/connection/serial -
2026.06.26 14:39:23.378   get /dev10001/zsyncs/9/connection/serial -
2026.06.26 14:39:23.378   get /dev10001/zsyncs/10/connection/serial -
2026.06.26 14:39:23.378   get /dev10001/zsyncs/11/connection/serial -
2026.06.26 14:39:23.378   get /dev10001/zsyncs/12/connection/serial -
2026.06.26 14:39:23.378   get /dev10001/zsyncs/13/connection/serial -
2026.06.26 14:39:23.378   get /dev10001/zsyncs/14/connection/serial -
2026.06.26 14:39:23.378   get /dev10001/zsyncs/15/connection/serial -
2026.06.26 14:39:23.378   get /dev10001/zsyncs/16/connection/serial -
2026.06.26 14:39:23.378   get /dev10001/zsyncs/17/connection/serial -
2026.06.26 14:39:23.380 Node log from the data server with id 'zi_server':
2026.06.26 14:39:23.380   set /dev12001/qachannels/*/pipeliner/reset 1
2026.06.26 14:39:23.380   set /dev12001/qachannels/*/pipeliner/mode 0
2026.06.26 14:39:23.380   set /dev12001/qachannels/*/synchronization/enable 0
2026.06.26 14:39:23.380   set /dev12001/sgchannels/*/pipeliner/reset 1
2026.06.26 14:39:23.380   set /dev12001/sgchannels/*/pipeliner/mode 0
2026.06.26 14:39:23.380   set /dev12001/sgchannels/*/synchronization/enable 0
2026.06.26 14:39:23.380   set /dev10001/execution/synchronization/enable 0
2026.06.26 14:39:23.380   set /dev12001/qachannels/*/generator/enable 0
2026.06.26 14:39:23.380   set /dev12001/system/synchronization/source 0
2026.06.26 14:39:23.380   set /dev12001/system/internaltrigger/synchronization/enable 0
2026.06.26 14:39:23.380   set /dev12001/qachannels/*/readout/result/enable 0
2026.06.26 14:39:23.380   set /dev12001/qachannels/*/spectroscopy/psd/enable 0
2026.06.26 14:39:23.381   set /dev12001/qachannels/*/spectroscopy/result/enable 0
2026.06.26 14:39:23.381   set /dev12001/qachannels/*/output/rflfinterlock 1
2026.06.26 14:39:23.381   set /dev12001/qachannels/*/oscs/*/gain 1.0
2026.06.26 14:39:23.381   set /dev12001/scopes/0/enable 0
2026.06.26 14:39:23.381   set /dev12001/scopes/0/channels/*/enable 0
2026.06.26 14:39:23.381   set /dev12001/sgchannels/*/awg/enable 0
2026.06.26 14:39:23.511 Node log from the data server with id 'zi_server':
2026.06.26 14:39:23.511   get /dev12001/sgchannels/0/busy -
2026.06.26 14:39:23.511   set /dev10001/raw/error/clear 1
2026.06.26 14:39:23.511   get /dev12001/qachannels/0/busy -
2026.06.26 14:39:23.511   set /dev12001/sgchannels/0/output/on 1
2026.06.26 14:39:23.512   set /dev12001/sgchannels/0/output/range 10.0
2026.06.26 14:39:23.512   set /dev12001/sgchannels/0/awg/single 1
2026.06.26 14:39:23.512   set /dev12001/sgchannels/0/awg/modulation/enable 1
2026.06.26 14:39:23.512   set /dev12001/sgchannels/0/marker/source 0
2026.06.26 14:39:23.512   set /dev12001/sgchannels/0/trigger/delay 0.0
2026.06.26 14:39:23.512   set /dev12001/sgchannels/0/output/rflfpath 1
2026.06.26 14:39:23.512   set /dev12001/qachannels/0/output/on 1
2026.06.26 14:39:23.512   set /dev12001/qachannels/0/output/range -25.0
2026.06.26 14:39:23.512   set /dev12001/qachannels/0/generator/single 1
2026.06.26 14:39:23.512   set /dev12001/qachannels/0/input/rflfpath 1
2026.06.26 14:39:23.512   set /dev12001/qachannels/0/input/on 1
2026.06.26 14:39:23.512   set /dev12001/qachannels/0/input/range 10.0
2026.06.26 14:39:23.512   set /dev12001/sgchannels/0/sines/0/oscselect 1
2026.06.26 14:39:23.512   set /dev12001/sgchannels/0/sines/0/harmonic 1
2026.06.26 14:39:23.512   set /dev12001/sgchannels/0/sines/0/phaseshift 0
2026.06.26 14:39:23.512   set /dev12001/raw/error/clear 1
2026.06.26 14:39:23.512   get /dev12001/sgchannels/0/output/overrangecount -
2026.06.26 14:39:23.512   get /dev12001/sgchannels/1/output/overrangecount -
2026.06.26 14:39:23.512   get /dev12001/sgchannels/2/output/overrangecount -
2026.06.26 14:39:23.512   get /dev12001/sgchannels/3/output/overrangecount -
2026.06.26 14:39:23.512   get /dev12001/sgchannels/4/output/overrangecount -
2026.06.26 14:39:23.512   get /dev12001/sgchannels/5/output/overrangecount -
2026.06.26 14:39:23.512   get /dev12001/qachannels/0/output/overrangecount -
2026.06.26 14:39:23.512   get /dev12001/qachannels/0/input/overrangecount -
2026.06.26 14:39:23.512   set /dev12001/qachannels/0/oscs/0/freq 0
2026.06.26 14:39:23.512   set /dev12001/sgchannels/0/oscs/0/freq -100000000.0
2026.06.26 14:39:23.512   set /dev12001/sgchannels/0/oscs/1/freq -400000000.0
2026.06.26 14:39:23.513   set /dev10001/system/clocks/referenceclock/out/enable 1
2026.06.26 14:39:23.513   set /dev10001/execution/repetitions 1
2026.06.26 14:39:23.513   set /dev12001/qachannels/0/markers/0/source 32
2026.06.26 14:39:23.513   set /dev12001/qachannels/0/markers/1/source 36
2026.06.26 14:39:23.513   set /dev12001/qachannels/0/generator/auxtriggers/0/channel 0
2026.06.26 14:39:23.513   set /dev12001/sgchannels/0/oscs/0/freq -100000000.0
2026.06.26 14:39:23.513   set /dev12001/sgchannels/0/oscs/1/freq -400000000.0
2026.06.26 14:39:23.513   set /dev12001/synthesizers/1/centerfreq 6400000000.0
2026.06.26 14:39:23.513   set /dev12001/qachannels/0/centerfreq 7400000000.0
2026.06.26 14:39:23.513   set /dev12001/qachannels/0/spectroscopy/envelope/delay 0.0
2026.06.26 14:39:23.513   set /dev12001/qachannels/0/spectroscopy/delay 2.4e-07
2026.06.26 14:39:23.513   set /dev12001/sgchannels/0/output/delay 0.0
2026.06.26 14:39:23.513   set /dev10001/execution/holdoff 0.319373312
2026.06.26 14:39:23.513   set /dev12001/qachannels/0/mode 0
2026.06.26 14:39:23.513   set /dev12001/qachannels/0/spectroscopy/trigger/channel 36
2026.06.26 14:39:23.513   set /dev12001/qachannels/0/spectroscopy/length 4000
2026.06.26 14:39:23.513   set /dev12001/sgchannels/0/awg/elf/data vector (?? B)
2026.06.26 14:39:23.513   set /dev12001/sgchannels/0/awg/commandtable/data vector (?? B)
2026.06.26 14:39:23.513   set /dev12001/qachannels/0/readout/result/enable 0
2026.06.26 14:39:23.513   set /dev12001/qachannels/0/spectroscopy/result/length 101
2026.06.26 14:39:23.513   set /dev12001/qachannels/0/spectroscopy/result/averages 1024
2026.06.26 14:39:23.513   set /dev12001/qachannels/0/spectroscopy/result/mode 0
2026.06.26 14:39:23.513   set /dev12001/qachannels/0/spectroscopy/psd/enable 0
2026.06.26 14:39:23.513   set /dev12001/qachannels/0/spectroscopy/result/enable 0
2026.06.26 14:39:23.513   set /dev12001/qachannels/0/spectroscopy/result/enable 1
2026.06.26 14:39:23.513   set /dev12001/scopes/0/enable 0
2026.06.26 14:39:23.513   set /dev12001/qachannels/0/generator/elf/data vector (?? B)
2026.06.26 14:39:23.513   set /dev12001/qachannels/0/spectroscopy/envelope/wave <unexpected type>
2026.06.26 14:39:23.513   set /dev12001/qachannels/0/spectroscopy/envelope/enable 1
2026.06.26 14:39:23.513   set /dev12001/qachannels/0/readout/multistate/qudits/0/weights/0/wave vector (?? B)
2026.06.26 14:39:23.514   set /dev12001/qachannels/0/readout/integration/length 4000
2026.06.26 14:39:23.514   set /dev12001/system/internaltrigger/synchronization/enable 0
2026.06.26 14:39:23.514   set /dev12001/system/synchronization/source 0
2026.06.26 14:39:23.514   set /dev12001/qachannels/0/generator/enable 1
2026.06.26 14:39:23.514   set /dev12001/sgchannels/0/awg/enable 1
2026.06.26 14:39:23.514   set /dev10001/triggers/out/0/enable 1
2026.06.26 14:39:23.514   set /dev10001/triggers/out/0/port 0
2026.06.26 14:39:23.514   set /dev10001/execution/enable 1
2026.06.26 14:39:23.514   set /dev12001/system/synchronization/source 0
2026.06.26 14:39:23.514   set /dev12001/raw/system/awg/runtimechecks/enable 0
2026.06.26 14:39:23.514   set /dev12001/qachannels/0/readout/result/enable 0
2026.06.26 14:39:23.514   get /dev12001/raw/error/json/errors -
2026.06.26 14:39:23.514   get /dev12001/raw/error/json/errors -
2026.06.26 14:39:23.514   get /dev10001/raw/error/json/errors -
2026.06.26 14:39:23.514   set /dev12001/qachannels/*/spectroscopy/envelope/enable 1
2026.06.26 14:39:23.604 Node log from the data server with id 'zi_server':
2026.06.26 14:39:23.604   get /dev12001/sgchannels/0/busy -
2026.06.26 14:39:23.604   get /dev12001/sgchannels/1/busy -
2026.06.26 14:39:23.604   get /dev12001/sgchannels/2/busy -
2026.06.26 14:39:23.604   set /dev10001/raw/error/clear 1
2026.06.26 14:39:23.604   get /dev12001/qachannels/0/busy -
2026.06.26 14:39:23.604   set /dev12001/sgchannels/0/output/on 1
2026.06.26 14:39:23.604   set /dev12001/sgchannels/0/output/range -30.0
2026.06.26 14:39:23.604   set /dev12001/sgchannels/0/awg/single 1
2026.06.26 14:39:23.604   set /dev12001/sgchannels/0/awg/modulation/enable 1
2026.06.26 14:39:23.604   set /dev12001/sgchannels/0/marker/source 0
2026.06.26 14:39:23.604   set /dev12001/sgchannels/0/trigger/delay 0.0
2026.06.26 14:39:23.604   set /dev12001/sgchannels/0/output/rflfpath 1
2026.06.26 14:39:23.604   set /dev12001/sgchannels/1/output/on 1
2026.06.26 14:39:23.604   set /dev12001/sgchannels/1/output/range -30.0
2026.06.26 14:39:23.604   set /dev12001/sgchannels/1/awg/single 1
2026.06.26 14:39:23.604   set /dev12001/sgchannels/1/awg/modulation/enable 1
2026.06.26 14:39:23.604   set /dev12001/sgchannels/1/marker/source 0
2026.06.26 14:39:23.604   set /dev12001/sgchannels/1/trigger/delay 0.0
2026.06.26 14:39:23.604   set /dev12001/sgchannels/1/output/rflfpath 1
2026.06.26 14:39:23.604   set /dev12001/sgchannels/2/output/on 1
2026.06.26 14:39:23.604   set /dev12001/sgchannels/2/output/range -30.0
2026.06.26 14:39:23.605   set /dev12001/sgchannels/2/awg/single 1
2026.06.26 14:39:23.605   set /dev12001/sgchannels/2/awg/modulation/enable 1
2026.06.26 14:39:23.605   set /dev12001/sgchannels/2/marker/source 0
2026.06.26 14:39:23.605   set /dev12001/sgchannels/2/trigger/delay 0.0
2026.06.26 14:39:23.605   set /dev12001/sgchannels/2/output/rflfpath 1
2026.06.26 14:39:23.605   set /dev12001/qachannels/0/output/on 1
2026.06.26 14:39:23.605   set /dev12001/qachannels/0/output/range -25.0
2026.06.26 14:39:23.605   set /dev12001/qachannels/0/generator/single 1
2026.06.26 14:39:23.605   set /dev12001/qachannels/0/input/rflfpath 1
2026.06.26 14:39:23.605   set /dev12001/qachannels/0/input/on 1
2026.06.26 14:39:23.605   set /dev12001/qachannels/0/input/range 10.0
2026.06.26 14:39:23.605   set /dev12001/sgchannels/0/sines/0/oscselect 1
2026.06.26 14:39:23.605   set /dev12001/sgchannels/0/sines/0/harmonic 1
2026.06.26 14:39:23.605   set /dev12001/sgchannels/0/sines/0/phaseshift 0
2026.06.26 14:39:23.605   set /dev12001/sgchannels/1/sines/0/oscselect 1
2026.06.26 14:39:23.605   set /dev12001/sgchannels/1/sines/0/harmonic 1
2026.06.26 14:39:23.605   set /dev12001/sgchannels/1/sines/0/phaseshift 0
2026.06.26 14:39:23.605   set /dev12001/sgchannels/2/sines/0/oscselect 1
2026.06.26 14:39:23.605   set /dev12001/sgchannels/2/sines/0/harmonic 1
2026.06.26 14:39:23.605   set /dev12001/sgchannels/2/sines/0/phaseshift 0
2026.06.26 14:39:23.605   set /dev12001/raw/error/clear 1
2026.06.26 14:39:23.605   get /dev12001/sgchannels/0/output/overrangecount -
2026.06.26 14:39:23.605   get /dev12001/sgchannels/1/output/overrangecount -
2026.06.26 14:39:23.605   get /dev12001/sgchannels/2/output/overrangecount -
2026.06.26 14:39:23.605   get /dev12001/sgchannels/3/output/overrangecount -
2026.06.26 14:39:23.605   get /dev12001/sgchannels/4/output/overrangecount -
2026.06.26 14:39:23.605   get /dev12001/sgchannels/5/output/overrangecount -
2026.06.26 14:39:23.605   get /dev12001/qachannels/0/output/overrangecount -
2026.06.26 14:39:23.605   get /dev12001/qachannels/0/input/overrangecount -
2026.06.26 14:39:23.605   set /dev12001/sgchannels/0/oscs/0/freq 0
2026.06.26 14:39:23.605   set /dev12001/sgchannels/0/oscs/1/freq -400000000.0
2026.06.26 14:39:23.605   set /dev12001/sgchannels/1/oscs/0/freq 0
2026.06.26 14:39:23.606   set /dev12001/sgchannels/1/oscs/1/freq -100000000.0
2026.06.26 14:39:23.606   set /dev12001/sgchannels/2/oscs/0/freq 0
2026.06.26 14:39:23.606   set /dev12001/sgchannels/2/oscs/1/freq -400000000.0
2026.06.26 14:39:23.606   set /dev10001/system/clocks/referenceclock/out/enable 1
2026.06.26 14:39:23.606   set /dev10001/execution/repetitions 1
2026.06.26 14:39:23.606   set /dev12001/qachannels/0/markers/0/source 32
2026.06.26 14:39:23.606   set /dev12001/qachannels/0/markers/1/source 36
2026.06.26 14:39:23.606   set /dev12001/qachannels/0/generator/auxtriggers/0/channel 0
2026.06.26 14:39:23.606   set /dev12001/sgchannels/0/oscs/1/freq -400000000.0
2026.06.26 14:39:23.606   set /dev12001/sgchannels/1/oscs/1/freq -100000000.0
2026.06.26 14:39:23.606   set /dev12001/sgchannels/2/oscs/1/freq -400000000.0
2026.06.26 14:39:23.606   set /dev12001/synthesizers/1/centerfreq 6400000000.0
2026.06.26 14:39:23.606   set /dev12001/synthesizers/2/centerfreq 6000000000.0
2026.06.26 14:39:23.606   set /dev12001/qachannels/0/centerfreq 7400000000.0
2026.06.26 14:39:23.606   set /dev12001/qachannels/0/generator/delay 0.0
2026.06.26 14:39:23.606   set /dev12001/qachannels/0/readout/integration/delay 2.32e-07
2026.06.26 14:39:23.606   set /dev12001/sgchannels/0/output/delay 0.0
2026.06.26 14:39:23.606   set /dev12001/sgchannels/1/output/delay 0.0
2026.06.26 14:39:23.606   set /dev12001/sgchannels/2/output/delay 0.0
2026.06.26 14:39:23.606   set /dev10001/execution/holdoff 6.6588180480000005
2026.06.26 14:39:23.606   set /dev12001/qachannels/0/mode 1
2026.06.26 14:39:23.606   set /dev12001/qachannels/0/readout/multistate/qudits/*/enable 0
2026.06.26 14:39:23.606   set /dev12001/sgchannels/0/awg/elf/data vector (?? B)
2026.06.26 14:39:23.606   set /dev12001/sgchannels/0/awg/waveform/waves/0 vector (?? B)
2026.06.26 14:39:23.606   set /dev12001/sgchannels/0/awg/commandtable/data vector (?? B)
2026.06.26 14:39:23.606   set /dev12001/sgchannels/1/awg/elf/data vector (?? B)
2026.06.26 14:39:23.606   set /dev12001/sgchannels/1/awg/waveform/waves/0 vector (?? B)
2026.06.26 14:39:23.606   set /dev12001/sgchannels/1/awg/commandtable/data vector (?? B)
2026.06.26 14:39:23.606   set /dev12001/sgchannels/2/awg/elf/data vector (?? B)
2026.06.26 14:39:23.606   set /dev12001/sgchannels/2/awg/waveform/waves/0 vector (?? B)
2026.06.26 14:39:23.607   set /dev12001/sgchannels/2/awg/commandtable/data vector (?? B)
2026.06.26 14:39:23.607   set /dev12001/qachannels/0/readout/multistate/enable 1
2026.06.26 14:39:23.607   set /dev12001/qachannels/0/readout/multistate/zsync/packed 1
2026.06.26 14:39:23.607   set /dev12001/qachannels/0/readout/multistate/qudits/0/numstates 2
2026.06.26 14:39:23.607   set /dev12001/qachannels/0/readout/multistate/qudits/0/enable 1
2026.06.26 14:39:23.607   set /dev12001/qachannels/0/readout/multistate/qudits/0/assignmentvec vector (?? B)
2026.06.26 14:39:23.607   set /dev12001/qachannels/0/readout/multistate/zsync/packed 1
2026.06.26 14:39:23.607   set /dev12001/qachannels/0/readout/multistate/qudits/1/numstates 2
2026.06.26 14:39:23.607   set /dev12001/qachannels/0/readout/multistate/qudits/1/enable 1
2026.06.26 14:39:23.607   set /dev12001/qachannels/0/readout/multistate/qudits/1/assignmentvec vector (?? B)
2026.06.26 14:39:23.607   set /dev12001/qachannels/0/readout/multistate/zsync/packed 1
2026.06.26 14:39:23.607   set /dev12001/qachannels/0/readout/multistate/qudits/2/numstates 2
2026.06.26 14:39:23.607   set /dev12001/qachannels/0/readout/multistate/qudits/2/enable 1
2026.06.26 14:39:23.607   set /dev12001/qachannels/0/readout/multistate/qudits/2/assignmentvec vector (?? B)
2026.06.26 14:39:23.607   set /dev12001/qachannels/0/readout/result/enable 0
2026.06.26 14:39:23.607   set /dev12001/qachannels/0/readout/result/source 1
2026.06.26 14:39:23.607   set /dev12001/qachannels/0/readout/result/length 201
2026.06.26 14:39:23.607   set /dev12001/qachannels/0/readout/result/averages 4096
2026.06.26 14:39:23.607   set /dev12001/qachannels/0/readout/result/mode 0
2026.06.26 14:39:23.607   set /dev12001/qachannels/0/readout/multistate/qudits/0/thresholds/0/value 0.0
2026.06.26 14:39:23.607   set /dev12001/qachannels/0/readout/multistate/qudits/1/thresholds/0/value 0.0
2026.06.26 14:39:23.607   set /dev12001/qachannels/0/readout/multistate/qudits/2/thresholds/0/value 0.0
2026.06.26 14:39:23.607   set /dev12001/qachannels/0/readout/result/enable 1
2026.06.26 14:39:23.607   set /dev12001/qachannels/0/spectroscopy/result/enable 0
2026.06.26 14:39:23.607   set /dev12001/scopes/0/enable 0
2026.06.26 14:39:23.607   set /dev12001/qachannels/0/generator/elf/data vector (?? B)
2026.06.26 14:39:23.607   set /dev12001/qachannels/0/generator/clearwave 1
2026.06.26 14:39:23.607   set /dev12001/qachannels/0/generator/waveforms/0/wave <unexpected type>
2026.06.26 14:39:23.607   set /dev12001/qachannels/0/generator/waveforms/1/wave <unexpected type>
2026.06.26 14:39:23.607   set /dev12001/qachannels/0/generator/waveforms/2/wave <unexpected type>
2026.06.26 14:39:23.608   set /dev12001/qachannels/0/spectroscopy/envelope/enable 0
2026.06.26 14:39:23.608   set /dev12001/qachannels/0/readout/multistate/qudits/0/weights/0/wave vector (?? B)
2026.06.26 14:39:23.608   set /dev12001/qachannels/0/readout/multistate/qudits/1/weights/0/wave vector (?? B)
2026.06.26 14:39:23.608   set /dev12001/qachannels/0/readout/multistate/qudits/2/weights/0/wave vector (?? B)
2026.06.26 14:39:23.608   set /dev12001/qachannels/0/readout/integration/length 4000
2026.06.26 14:39:23.608   set /dev12001/system/internaltrigger/synchronization/enable 0
2026.06.26 14:39:23.608   set /dev12001/system/synchronization/source 0
2026.06.26 14:39:23.608   set /dev12001/qachannels/0/generator/enable 1
2026.06.26 14:39:23.608   set /dev12001/sgchannels/0/awg/enable 1
2026.06.26 14:39:23.608   set /dev12001/sgchannels/1/awg/enable 1
2026.06.26 14:39:23.608   set /dev12001/sgchannels/2/awg/enable 1
2026.06.26 14:39:23.608   set /dev10001/triggers/out/0/enable 1
2026.06.26 14:39:23.608   set /dev10001/triggers/out/0/port 0
2026.06.26 14:39:23.608   set /dev10001/execution/enable 1
2026.06.26 14:39:23.608   set /dev12001/system/synchronization/source 0
2026.06.26 14:39:23.608   set /dev12001/raw/system/awg/runtimechecks/enable 0
2026.06.26 14:39:23.608   set /dev12001/qachannels/0/readout/result/enable 0
2026.06.26 14:39:23.608   get /dev12001/raw/error/json/errors -
2026.06.26 14:39:23.608   get /dev12001/raw/error/json/errors -
2026.06.26 14:39:23.608   get /dev10001/raw/error/json/errors -
2026.06.26 14:39:23.608   set /dev12001/qachannels/*/spectroscopy/envelope/enable 1
2026.06.26 14:39:23.690 Node log from the data server with id 'zi_server':
2026.06.26 14:39:23.690   get /dev12001/sgchannels/0/busy -
2026.06.26 14:39:23.690   get /dev12001/sgchannels/1/busy -
2026.06.26 14:39:23.691   get /dev12001/sgchannels/2/busy -
2026.06.26 14:39:23.691   set /dev10001/raw/error/clear 1
2026.06.26 14:39:23.691   get /dev12001/qachannels/0/busy -
2026.06.26 14:39:23.691   set /dev12001/sgchannels/0/output/on 1
2026.06.26 14:39:23.691   set /dev12001/sgchannels/0/output/range 10.0
2026.06.26 14:39:23.691   set /dev12001/sgchannels/0/awg/single 1
2026.06.26 14:39:23.691   set /dev12001/sgchannels/0/awg/modulation/enable 1
2026.06.26 14:39:23.691   set /dev12001/sgchannels/0/marker/source 0
2026.06.26 14:39:23.691   set /dev12001/sgchannels/0/trigger/delay 0.0
2026.06.26 14:39:23.691   set /dev12001/sgchannels/0/output/rflfpath 1
2026.06.26 14:39:23.691   set /dev12001/sgchannels/1/output/on 1
2026.06.26 14:39:23.691   set /dev12001/sgchannels/1/output/range 10.0
2026.06.26 14:39:23.691   set /dev12001/sgchannels/1/awg/single 1
2026.06.26 14:39:23.691   set /dev12001/sgchannels/1/awg/modulation/enable 1
2026.06.26 14:39:23.691   set /dev12001/sgchannels/1/marker/source 0
2026.06.26 14:39:23.691   set /dev12001/sgchannels/1/trigger/delay 0.0
2026.06.26 14:39:23.691   set /dev12001/sgchannels/1/output/rflfpath 1
2026.06.26 14:39:23.691   set /dev12001/sgchannels/2/output/on 1
2026.06.26 14:39:23.691   set /dev12001/sgchannels/2/output/range 10.0
2026.06.26 14:39:23.691   set /dev12001/sgchannels/2/awg/single 1
2026.06.26 14:39:23.691   set /dev12001/sgchannels/2/awg/modulation/enable 1
2026.06.26 14:39:23.691   set /dev12001/sgchannels/2/marker/source 0
2026.06.26 14:39:23.691   set /dev12001/sgchannels/2/trigger/delay 0.0
2026.06.26 14:39:23.691   set /dev12001/sgchannels/2/output/rflfpath 1
2026.06.26 14:39:23.691   set /dev12001/qachannels/0/output/on 1
2026.06.26 14:39:23.691   set /dev12001/qachannels/0/output/range -25.0
2026.06.26 14:39:23.691   set /dev12001/qachannels/0/generator/single 1
2026.06.26 14:39:23.691   set /dev12001/qachannels/0/input/rflfpath 1
2026.06.26 14:39:23.691   set /dev12001/qachannels/0/input/on 1
2026.06.26 14:39:23.691   set /dev12001/qachannels/0/input/range 10.0
2026.06.26 14:39:23.692   set /dev12001/sgchannels/0/sines/0/oscselect 1
2026.06.26 14:39:23.692   set /dev12001/sgchannels/0/sines/0/harmonic 1
2026.06.26 14:39:23.692   set /dev12001/sgchannels/0/sines/0/phaseshift 0
2026.06.26 14:39:23.692   set /dev12001/sgchannels/1/sines/0/oscselect 1
2026.06.26 14:39:23.692   set /dev12001/sgchannels/1/sines/0/harmonic 1
2026.06.26 14:39:23.692   set /dev12001/sgchannels/1/sines/0/phaseshift 0
2026.06.26 14:39:23.692   set /dev12001/sgchannels/2/sines/0/oscselect 1
2026.06.26 14:39:23.692   set /dev12001/sgchannels/2/sines/0/harmonic 1
2026.06.26 14:39:23.692   set /dev12001/sgchannels/2/sines/0/phaseshift 0
2026.06.26 14:39:23.692   set /dev12001/raw/error/clear 1
2026.06.26 14:39:23.692   get /dev12001/sgchannels/0/output/overrangecount -
2026.06.26 14:39:23.692   get /dev12001/sgchannels/1/output/overrangecount -
2026.06.26 14:39:23.692   get /dev12001/sgchannels/2/output/overrangecount -
2026.06.26 14:39:23.692   get /dev12001/sgchannels/3/output/overrangecount -
2026.06.26 14:39:23.692   get /dev12001/sgchannels/4/output/overrangecount -
2026.06.26 14:39:23.692   get /dev12001/sgchannels/5/output/overrangecount -
2026.06.26 14:39:23.692   get /dev12001/qachannels/0/output/overrangecount -
2026.06.26 14:39:23.692   get /dev12001/qachannels/0/input/overrangecount -
2026.06.26 14:39:23.692   set /dev12001/sgchannels/0/oscs/0/freq -69750876.15928745
2026.06.26 14:39:23.692   set /dev12001/sgchannels/0/oscs/1/freq -400000000.0
2026.06.26 14:39:23.692   set /dev12001/sgchannels/1/oscs/0/freq 130076392.6550808
2026.06.26 14:39:23.692   set /dev12001/sgchannels/1/oscs/1/freq -100000000.0
2026.06.26 14:39:23.692   set /dev12001/sgchannels/2/oscs/0/freq -170088291.71790218
2026.06.26 14:39:23.692   set /dev12001/sgchannels/2/oscs/1/freq -400000000.0
2026.06.26 14:39:23.692   set /dev10001/system/clocks/referenceclock/out/enable 1
2026.06.26 14:39:23.692   set /dev10001/execution/repetitions 1
2026.06.26 14:39:23.692   set /dev12001/qachannels/0/markers/0/source 32
2026.06.26 14:39:23.692   set /dev12001/qachannels/0/markers/1/source 36
2026.06.26 14:39:23.692   set /dev12001/qachannels/0/generator/auxtriggers/0/channel 0
2026.06.26 14:39:23.692   set /dev12001/sgchannels/0/oscs/0/freq -69750876.15928745
2026.06.26 14:39:23.693   set /dev12001/sgchannels/0/oscs/1/freq -400000000.0
2026.06.26 14:39:23.693   set /dev12001/sgchannels/1/oscs/0/freq 130076392.6550808
2026.06.26 14:39:23.693   set /dev12001/sgchannels/1/oscs/1/freq -100000000.0
2026.06.26 14:39:23.693   set /dev12001/sgchannels/2/oscs/0/freq -170088291.71790218
2026.06.26 14:39:23.693   set /dev12001/sgchannels/2/oscs/1/freq -400000000.0
2026.06.26 14:39:23.693   set /dev12001/synthesizers/1/centerfreq 6400000000.0
2026.06.26 14:39:23.693   set /dev12001/synthesizers/2/centerfreq 6000000000.0
2026.06.26 14:39:23.693   set /dev12001/qachannels/0/centerfreq 7400000000.0
2026.06.26 14:39:23.693   set /dev12001/qachannels/0/generator/delay 0.0
2026.06.26 14:39:23.693   set /dev12001/qachannels/0/readout/integration/delay 2.32e-07
2026.06.26 14:39:23.693   set /dev12001/sgchannels/0/output/delay 0.0
2026.06.26 14:39:23.693   set /dev12001/sgchannels/1/output/delay 0.0
2026.06.26 14:39:23.693   set /dev12001/sgchannels/2/output/delay 0.0
2026.06.26 14:39:23.693   set /dev10001/execution/holdoff 4.758765568
2026.06.26 14:39:23.693   set /dev12001/qachannels/0/mode 1
2026.06.26 14:39:23.693   set /dev12001/qachannels/0/readout/multistate/qudits/*/enable 0
2026.06.26 14:39:23.693   set /dev12001/sgchannels/0/awg/elf/data vector (?? B)
2026.06.26 14:39:23.693   set /dev12001/sgchannels/0/awg/waveform/waves/0 vector (?? B)
2026.06.26 14:39:23.693   set /dev12001/sgchannels/0/awg/waveform/waves/1 vector (?? B)
2026.06.26 14:39:23.693   set /dev12001/sgchannels/0/awg/commandtable/data vector (?? B)
2026.06.26 14:39:23.693   set /dev12001/sgchannels/1/awg/elf/data vector (?? B)
2026.06.26 14:39:23.693   set /dev12001/sgchannels/1/awg/waveform/waves/0 vector (?? B)
2026.06.26 14:39:23.693   set /dev12001/sgchannels/1/awg/waveform/waves/1 vector (?? B)
2026.06.26 14:39:23.693   set /dev12001/sgchannels/1/awg/commandtable/data vector (?? B)
2026.06.26 14:39:23.693   set /dev12001/sgchannels/2/awg/elf/data vector (?? B)
2026.06.26 14:39:23.693   set /dev12001/sgchannels/2/awg/waveform/waves/0 vector (?? B)
2026.06.26 14:39:23.693   set /dev12001/sgchannels/2/awg/waveform/waves/1 vector (?? B)
2026.06.26 14:39:23.693   set /dev12001/sgchannels/2/awg/commandtable/data vector (?? B)
2026.06.26 14:39:23.694   set /dev12001/qachannels/0/readout/multistate/enable 1
2026.06.26 14:39:23.694   set /dev12001/qachannels/0/readout/multistate/zsync/packed 1
2026.06.26 14:39:23.694   set /dev12001/qachannels/0/readout/multistate/qudits/0/numstates 2
2026.06.26 14:39:23.694   set /dev12001/qachannels/0/readout/multistate/qudits/0/enable 1
2026.06.26 14:39:23.694   set /dev12001/qachannels/0/readout/multistate/qudits/0/assignmentvec vector (?? B)
2026.06.26 14:39:23.694   set /dev12001/qachannels/0/readout/multistate/zsync/packed 1
2026.06.26 14:39:23.694   set /dev12001/qachannels/0/readout/multistate/qudits/1/numstates 2
2026.06.26 14:39:23.694   set /dev12001/qachannels/0/readout/multistate/qudits/1/enable 1
2026.06.26 14:39:23.694   set /dev12001/qachannels/0/readout/multistate/qudits/1/assignmentvec vector (?? B)
2026.06.26 14:39:23.694   set /dev12001/qachannels/0/readout/multistate/zsync/packed 1
2026.06.26 14:39:23.694   set /dev12001/qachannels/0/readout/multistate/qudits/2/numstates 2
2026.06.26 14:39:23.694   set /dev12001/qachannels/0/readout/multistate/qudits/2/enable 1
2026.06.26 14:39:23.694   set /dev12001/qachannels/0/readout/multistate/qudits/2/assignmentvec vector (?? B)
2026.06.26 14:39:23.694   set /dev12001/qachannels/0/readout/result/enable 0
2026.06.26 14:39:23.694   set /dev12001/qachannels/0/readout/result/source 1
2026.06.26 14:39:23.694   set /dev12001/qachannels/0/readout/result/length 23
2026.06.26 14:39:23.694   set /dev12001/qachannels/0/readout/result/averages 1024
2026.06.26 14:39:23.694   set /dev12001/qachannels/0/readout/result/mode 0
2026.06.26 14:39:23.694   set /dev12001/qachannels/0/readout/multistate/qudits/0/thresholds/0/value 0.0
2026.06.26 14:39:23.694   set /dev12001/qachannels/0/readout/multistate/qudits/1/thresholds/0/value 0.0
2026.06.26 14:39:23.694   set /dev12001/qachannels/0/readout/multistate/qudits/2/thresholds/0/value 0.0
2026.06.26 14:39:23.694   set /dev12001/qachannels/0/readout/result/enable 1
2026.06.26 14:39:23.694   set /dev12001/qachannels/0/spectroscopy/result/enable 0
2026.06.26 14:39:23.694   set /dev12001/scopes/0/enable 0
2026.06.26 14:39:23.694   set /dev12001/qachannels/0/generator/elf/data vector (?? B)
2026.06.26 14:39:23.694   set /dev12001/qachannels/0/generator/clearwave 1
2026.06.26 14:39:23.694   set /dev12001/qachannels/0/generator/waveforms/0/wave <unexpected type>
2026.06.26 14:39:23.695   set /dev12001/qachannels/0/generator/waveforms/1/wave <unexpected type>
2026.06.26 14:39:23.695   set /dev12001/qachannels/0/generator/waveforms/2/wave <unexpected type>
2026.06.26 14:39:23.695   set /dev12001/qachannels/0/spectroscopy/envelope/enable 0
2026.06.26 14:39:23.695   set /dev12001/qachannels/0/readout/multistate/qudits/0/weights/0/wave vector (?? B)
2026.06.26 14:39:23.695   set /dev12001/qachannels/0/readout/multistate/qudits/1/weights/0/wave vector (?? B)
2026.06.26 14:39:23.695   set /dev12001/qachannels/0/readout/multistate/qudits/2/weights/0/wave vector (?? B)
2026.06.26 14:39:23.695   set /dev12001/qachannels/0/readout/integration/length 4000
2026.06.26 14:39:23.695   set /dev12001/system/internaltrigger/synchronization/enable 0
2026.06.26 14:39:23.695   set /dev12001/system/synchronization/source 0
2026.06.26 14:39:23.695   set /dev12001/qachannels/0/generator/enable 1
2026.06.26 14:39:23.695   set /dev12001/sgchannels/0/awg/enable 1
2026.06.26 14:39:23.695   set /dev12001/sgchannels/1/awg/enable 1
2026.06.26 14:39:23.695   set /dev12001/sgchannels/2/awg/enable 1
2026.06.26 14:39:23.695   set /dev10001/triggers/out/0/enable 1
2026.06.26 14:39:23.695   set /dev10001/triggers/out/0/port 0
2026.06.26 14:39:23.695   set /dev10001/execution/enable 1
2026.06.26 14:39:23.695   set /dev12001/system/synchronization/source 0
2026.06.26 14:39:23.695   set /dev12001/raw/system/awg/runtimechecks/enable 0
2026.06.26 14:39:23.695   set /dev12001/qachannels/0/readout/result/enable 0
2026.06.26 14:39:23.695   get /dev12001/raw/error/json/errors -
2026.06.26 14:39:23.695   get /dev12001/raw/error/json/errors -
2026.06.26 14:39:23.695   get /dev10001/raw/error/json/errors -
2026.06.26 14:39:23.695   set /dev12001/qachannels/*/spectroscopy/envelope/enable 1
2026.06.26 14:39:24.207 Node log from the data server with id 'zi_server':
2026.06.26 14:39:24.207   get /dev12001/sgchannels/0/busy -
2026.06.26 14:39:24.208   get /dev12001/sgchannels/2/busy -
2026.06.26 14:39:24.208   set /dev10001/raw/error/clear 1
2026.06.26 14:39:24.208   get /dev12001/qachannels/0/busy -
2026.06.26 14:39:24.208   set /dev12001/sgchannels/0/output/on 1
2026.06.26 14:39:24.208   set /dev12001/sgchannels/0/output/range 10.0
2026.06.26 14:39:24.208   set /dev12001/sgchannels/0/awg/single 1
2026.06.26 14:39:24.208   set /dev12001/sgchannels/0/awg/modulation/enable 1
2026.06.26 14:39:24.208   set /dev12001/sgchannels/0/marker/source 0
2026.06.26 14:39:24.208   set /dev12001/sgchannels/0/trigger/delay 0.0
2026.06.26 14:39:24.208   set /dev12001/sgchannels/0/output/rflfpath 1
2026.06.26 14:39:24.208   set /dev12001/sgchannels/2/output/on 1
2026.06.26 14:39:24.208   set /dev12001/sgchannels/2/output/range 10.0
2026.06.26 14:39:24.208   set /dev12001/sgchannels/2/awg/single 1
2026.06.26 14:39:24.208   set /dev12001/sgchannels/2/awg/modulation/enable 1
2026.06.26 14:39:24.208   set /dev12001/sgchannels/2/marker/source 0
2026.06.26 14:39:24.208   set /dev12001/sgchannels/2/trigger/delay 0.0
2026.06.26 14:39:24.208   set /dev12001/sgchannels/2/output/rflfpath 1
2026.06.26 14:39:24.208   set /dev12001/qachannels/0/output/on 1
2026.06.26 14:39:24.208   set /dev12001/qachannels/0/output/range -25.0
2026.06.26 14:39:24.208   set /dev12001/qachannels/0/generator/single 1
2026.06.26 14:39:24.208   set /dev12001/qachannels/0/input/rflfpath 1
2026.06.26 14:39:24.208   set /dev12001/qachannels/0/input/on 1
2026.06.26 14:39:24.208   set /dev12001/qachannels/0/input/range 10.0
2026.06.26 14:39:24.208   set /dev12001/sgchannels/0/sines/0/oscselect 1
2026.06.26 14:39:24.208   set /dev12001/sgchannels/0/sines/0/harmonic 1
2026.06.26 14:39:24.208   set /dev12001/sgchannels/0/sines/0/phaseshift 0
2026.06.26 14:39:24.208   set /dev12001/sgchannels/2/sines/0/oscselect 1
2026.06.26 14:39:24.208   set /dev12001/sgchannels/2/sines/0/harmonic 1
2026.06.26 14:39:24.208   set /dev12001/sgchannels/2/sines/0/phaseshift 0
2026.06.26 14:39:24.208   set /dev12001/raw/error/clear 1
2026.06.26 14:39:24.209   get /dev12001/sgchannels/0/output/overrangecount -
2026.06.26 14:39:24.209   get /dev12001/sgchannels/1/output/overrangecount -
2026.06.26 14:39:24.209   get /dev12001/sgchannels/2/output/overrangecount -
2026.06.26 14:39:24.209   get /dev12001/sgchannels/3/output/overrangecount -
2026.06.26 14:39:24.209   get /dev12001/sgchannels/4/output/overrangecount -
2026.06.26 14:39:24.209   get /dev12001/sgchannels/5/output/overrangecount -
2026.06.26 14:39:24.209   get /dev12001/qachannels/0/output/overrangecount -
2026.06.26 14:39:24.209   get /dev12001/qachannels/0/input/overrangecount -
2026.06.26 14:39:24.209   set /dev12001/sgchannels/0/oscs/0/freq -69750876.15928745
2026.06.26 14:39:24.209   set /dev12001/sgchannels/0/oscs/1/freq -400000000.0
2026.06.26 14:39:24.209   set /dev12001/sgchannels/2/oscs/0/freq -170088291.71790218
2026.06.26 14:39:24.209   set /dev12001/sgchannels/2/oscs/1/freq -400000000.0
2026.06.26 14:39:24.209   set /dev10001/system/clocks/referenceclock/out/enable 1
2026.06.26 14:39:24.209   set /dev10001/execution/repetitions 1
2026.06.26 14:39:24.209   set /dev12001/qachannels/0/markers/0/source 32
2026.06.26 14:39:24.209   set /dev12001/qachannels/0/markers/1/source 36
2026.06.26 14:39:24.209   set /dev12001/qachannels/0/generator/auxtriggers/0/channel 0
2026.06.26 14:39:24.209   set /dev12001/sgchannels/0/oscs/0/freq -69750876.15928745
2026.06.26 14:39:24.209   set /dev12001/sgchannels/0/oscs/1/freq -400000000.0
2026.06.26 14:39:24.209   set /dev12001/sgchannels/2/oscs/0/freq -170088291.71790218
2026.06.26 14:39:24.209   set /dev12001/sgchannels/2/oscs/1/freq -400000000.0
2026.06.26 14:39:24.209   set /dev12001/synthesizers/1/centerfreq 6400000000.0
2026.06.26 14:39:24.209   set /dev12001/synthesizers/2/centerfreq 6000000000.0
2026.06.26 14:39:24.209   set /dev12001/qachannels/0/centerfreq 7400000000.0
2026.06.26 14:39:24.209   set /dev12001/qachannels/0/generator/delay 0.0
2026.06.26 14:39:24.209   set /dev12001/qachannels/0/readout/integration/delay 2.32e-07
2026.06.26 14:39:24.209   set /dev12001/sgchannels/0/output/delay 0.0
2026.06.26 14:39:24.209   set /dev12001/sgchannels/2/output/delay 0.0
2026.06.26 14:39:24.209   set /dev10001/execution/holdoff 11.490672640000001
2026.06.26 14:39:24.210   set /dev12001/qachannels/0/mode 1
2026.06.26 14:39:24.210   set /dev12001/qachannels/0/readout/multistate/qudits/*/enable 0
2026.06.26 14:39:24.210   set /dev12001/sgchannels/0/awg/elf/data vector (?? B)
2026.06.26 14:39:24.210   set /dev12001/sgchannels/0/awg/waveform/waves/0 vector (?? B)
2026.06.26 14:39:24.210   set /dev12001/sgchannels/0/awg/waveform/waves/1 vector (?? B)
2026.06.26 14:39:24.210   set /dev12001/sgchannels/0/awg/waveform/waves/2 vector (?? B)
2026.06.26 14:39:24.210   set /dev12001/sgchannels/0/awg/commandtable/data vector (?? B)
2026.06.26 14:39:24.210   set /dev12001/sgchannels/2/awg/elf/data vector (?? B)
2026.06.26 14:39:24.210   set /dev12001/sgchannels/2/awg/waveform/waves/0 vector (?? B)
2026.06.26 14:39:24.210   set /dev12001/sgchannels/2/awg/waveform/waves/1 vector (?? B)
2026.06.26 14:39:24.210   set /dev12001/sgchannels/2/awg/waveform/waves/2 vector (?? B)
2026.06.26 14:39:24.210   set /dev12001/sgchannels/2/awg/commandtable/data vector (?? B)
2026.06.26 14:39:24.210   set /dev12001/qachannels/0/readout/multistate/enable 1
2026.06.26 14:39:24.210   set /dev12001/qachannels/0/readout/multistate/zsync/packed 1
2026.06.26 14:39:24.210   set /dev12001/qachannels/0/readout/multistate/qudits/0/numstates 2
2026.06.26 14:39:24.210   set /dev12001/qachannels/0/readout/multistate/qudits/0/enable 1
2026.06.26 14:39:24.210   set /dev12001/qachannels/0/readout/multistate/qudits/0/assignmentvec vector (?? B)
2026.06.26 14:39:24.210   set /dev12001/qachannels/0/readout/multistate/zsync/packed 1
2026.06.26 14:39:24.210   set /dev12001/qachannels/0/readout/multistate/qudits/1/numstates 2
2026.06.26 14:39:24.210   set /dev12001/qachannels/0/readout/multistate/qudits/1/enable 1
2026.06.26 14:39:24.210   set /dev12001/qachannels/0/readout/multistate/qudits/1/assignmentvec vector (?? B)
2026.06.26 14:39:24.210   set /dev12001/qachannels/0/readout/result/enable 0
2026.06.26 14:39:24.210   set /dev12001/qachannels/0/readout/result/source 1
2026.06.26 14:39:24.210   set /dev12001/qachannels/0/readout/result/length 53
2026.06.26 14:39:24.210   set /dev12001/qachannels/0/readout/result/averages 1024
2026.06.26 14:39:24.210   set /dev12001/qachannels/0/readout/result/mode 0
2026.06.26 14:39:24.210   set /dev12001/qachannels/0/readout/multistate/qudits/0/thresholds/0/value 0.0
2026.06.26 14:39:24.210   set /dev12001/qachannels/0/readout/multistate/qudits/1/thresholds/0/value 0.0
2026.06.26 14:39:24.211   set /dev12001/qachannels/0/readout/result/enable 1
2026.06.26 14:39:24.211   set /dev12001/qachannels/0/spectroscopy/result/enable 0
2026.06.26 14:39:24.211   set /dev12001/scopes/0/enable 0
2026.06.26 14:39:24.211   set /dev12001/qachannels/0/generator/elf/data vector (?? B)
2026.06.26 14:39:24.211   set /dev12001/qachannels/0/generator/clearwave 1
2026.06.26 14:39:24.211   set /dev12001/qachannels/0/generator/waveforms/0/wave <unexpected type>
2026.06.26 14:39:24.211   set /dev12001/qachannels/0/generator/waveforms/1/wave <unexpected type>
2026.06.26 14:39:24.211   set /dev12001/qachannels/0/spectroscopy/envelope/enable 0
2026.06.26 14:39:24.211   set /dev12001/qachannels/0/readout/multistate/qudits/0/weights/0/wave vector (?? B)
2026.06.26 14:39:24.211   set /dev12001/qachannels/0/readout/multistate/qudits/1/weights/0/wave vector (?? B)
2026.06.26 14:39:24.211   set /dev12001/qachannels/0/readout/integration/length 4000
2026.06.26 14:39:24.211   set /dev12001/system/internaltrigger/synchronization/enable 0
2026.06.26 14:39:24.211   set /dev12001/system/synchronization/source 0
2026.06.26 14:39:24.211   set /dev12001/qachannels/0/generator/enable 1
2026.06.26 14:39:24.211   set /dev12001/sgchannels/0/awg/enable 1
2026.06.26 14:39:24.211   set /dev12001/sgchannels/2/awg/enable 1
2026.06.26 14:39:24.211   set /dev10001/triggers/out/0/enable 1
2026.06.26 14:39:24.211   set /dev10001/triggers/out/0/port 0
2026.06.26 14:39:24.211   set /dev10001/execution/enable 1
2026.06.26 14:39:24.211   set /dev12001/system/synchronization/source 0
2026.06.26 14:39:24.211   set /dev12001/raw/system/awg/runtimechecks/enable 0
2026.06.26 14:39:24.211   set /dev12001/qachannels/0/readout/result/enable 0
2026.06.26 14:39:24.211   get /dev12001/raw/error/json/errors -
2026.06.26 14:39:24.211   get /dev12001/raw/error/json/errors -
2026.06.26 14:39:24.211   get /dev10001/raw/error/json/errors -
2026.06.26 14:39:24.211   set /dev12001/qachannels/*/spectroscopy/envelope/enable 1
2026.06.26 14:39:24.482 Node log from the data server with id 'zi_server':
2026.06.26 14:39:24.482   get /dev12001/sgchannels/0/busy -
2026.06.26 14:39:24.482   get /dev12001/sgchannels/1/busy -
2026.06.26 14:39:24.482   get /dev12001/sgchannels/2/busy -
2026.06.26 14:39:24.482   set /dev10001/raw/error/clear 1
2026.06.26 14:39:24.482   get /dev12001/qachannels/0/busy -
2026.06.26 14:39:24.482   set /dev12001/sgchannels/0/output/on 1
2026.06.26 14:39:24.482   set /dev12001/sgchannels/0/output/range 10.0
2026.06.26 14:39:24.482   set /dev12001/sgchannels/0/awg/single 1
2026.06.26 14:39:24.482   set /dev12001/sgchannels/0/awg/modulation/enable 1
2026.06.26 14:39:24.482   set /dev12001/sgchannels/0/marker/source 0
2026.06.26 14:39:24.482   set /dev12001/sgchannels/0/trigger/delay 0.0
2026.06.26 14:39:24.482   set /dev12001/sgchannels/0/output/rflfpath 1
2026.06.26 14:39:24.482   set /dev12001/sgchannels/1/output/on 1
2026.06.26 14:39:24.482   set /dev12001/sgchannels/1/output/range 10.0
2026.06.26 14:39:24.482   set /dev12001/sgchannels/1/awg/single 1
2026.06.26 14:39:24.482   set /dev12001/sgchannels/1/awg/modulation/enable 1
2026.06.26 14:39:24.482   set /dev12001/sgchannels/1/marker/source 0
2026.06.26 14:39:24.482   set /dev12001/sgchannels/1/trigger/delay 0.0
2026.06.26 14:39:24.483   set /dev12001/sgchannels/1/output/rflfpath 1
2026.06.26 14:39:24.483   set /dev12001/sgchannels/2/output/on 1
2026.06.26 14:39:24.483   set /dev12001/sgchannels/2/output/range 10.0
2026.06.26 14:39:24.483   set /dev12001/sgchannels/2/awg/single 1
2026.06.26 14:39:24.483   set /dev12001/sgchannels/2/awg/modulation/enable 1
2026.06.26 14:39:24.483   set /dev12001/sgchannels/2/marker/source 0
2026.06.26 14:39:24.483   set /dev12001/sgchannels/2/trigger/delay 0.0
2026.06.26 14:39:24.483   set /dev12001/sgchannels/2/output/rflfpath 1
2026.06.26 14:39:24.483   set /dev12001/qachannels/0/output/on 1
2026.06.26 14:39:24.483   set /dev12001/qachannels/0/output/range -25.0
2026.06.26 14:39:24.483   set /dev12001/qachannels/0/generator/single 1
2026.06.26 14:39:24.483   set /dev12001/qachannels/0/input/rflfpath 1
2026.06.26 14:39:24.483   set /dev12001/qachannels/0/input/on 1
2026.06.26 14:39:24.483   set /dev12001/qachannels/0/input/range 10.0
2026.06.26 14:39:24.483   set /dev12001/sgchannels/0/sines/0/oscselect 1
2026.06.26 14:39:24.483   set /dev12001/sgchannels/0/sines/0/harmonic 1
2026.06.26 14:39:24.483   set /dev12001/sgchannels/0/sines/0/phaseshift 0
2026.06.26 14:39:24.483   set /dev12001/sgchannels/1/sines/0/oscselect 1
2026.06.26 14:39:24.483   set /dev12001/sgchannels/1/sines/0/harmonic 1
2026.06.26 14:39:24.483   set /dev12001/sgchannels/1/sines/0/phaseshift 0
2026.06.26 14:39:24.483   set /dev12001/sgchannels/2/sines/0/oscselect 1
2026.06.26 14:39:24.483   set /dev12001/sgchannels/2/sines/0/harmonic 1
2026.06.26 14:39:24.483   set /dev12001/sgchannels/2/sines/0/phaseshift 0
2026.06.26 14:39:24.483   set /dev12001/raw/error/clear 1
2026.06.26 14:39:24.483   get /dev12001/sgchannels/0/output/overrangecount -
2026.06.26 14:39:24.483   get /dev12001/sgchannels/1/output/overrangecount -
2026.06.26 14:39:24.483   get /dev12001/sgchannels/2/output/overrangecount -
2026.06.26 14:39:24.483   get /dev12001/sgchannels/3/output/overrangecount -
2026.06.26 14:39:24.483   get /dev12001/sgchannels/4/output/overrangecount -
2026.06.26 14:39:24.483   get /dev12001/sgchannels/5/output/overrangecount -
2026.06.26 14:39:24.483   get /dev12001/qachannels/0/output/overrangecount -
2026.06.26 14:39:24.484   get /dev12001/qachannels/0/input/overrangecount -
2026.06.26 14:39:24.484   set /dev12001/sgchannels/0/oscs/0/freq -69170658.85886383
2026.06.26 14:39:24.484   set /dev12001/sgchannels/0/oscs/1/freq -400000000.0
2026.06.26 14:39:24.484   set /dev12001/sgchannels/1/oscs/0/freq 130076392.6550808
2026.06.26 14:39:24.484   set /dev12001/sgchannels/1/oscs/1/freq -100000000.0
2026.06.26 14:39:24.484   set /dev12001/sgchannels/2/oscs/0/freq -169508074.41747856
2026.06.26 14:39:24.484   set /dev12001/sgchannels/2/oscs/1/freq -400000000.0
2026.06.26 14:39:24.484   set /dev10001/system/clocks/referenceclock/out/enable 1
2026.06.26 14:39:24.484   set /dev10001/execution/repetitions 1
2026.06.26 14:39:24.484   set /dev12001/qachannels/0/markers/0/source 32
2026.06.26 14:39:24.484   set /dev12001/qachannels/0/markers/1/source 36
2026.06.26 14:39:24.484   set /dev12001/qachannels/0/generator/auxtriggers/0/channel 0
2026.06.26 14:39:24.484   set /dev12001/sgchannels/0/oscs/0/freq -69170658.85886383
2026.06.26 14:39:24.484   set /dev12001/sgchannels/0/oscs/1/freq -400000000.0
2026.06.26 14:39:24.484   set /dev12001/sgchannels/1/oscs/0/freq 130076392.6550808
2026.06.26 14:39:24.484   set /dev12001/sgchannels/1/oscs/1/freq -100000000.0
2026.06.26 14:39:24.484   set /dev12001/sgchannels/2/oscs/0/freq -169508074.41747856
2026.06.26 14:39:24.484   set /dev12001/sgchannels/2/oscs/1/freq -400000000.0
2026.06.26 14:39:24.484   set /dev12001/synthesizers/1/centerfreq 6400000000.0
2026.06.26 14:39:24.484   set /dev12001/synthesizers/2/centerfreq 6000000000.0
2026.06.26 14:39:24.484   set /dev12001/qachannels/0/centerfreq 7400000000.0
2026.06.26 14:39:24.484   set /dev12001/qachannels/0/generator/delay 0.0
2026.06.26 14:39:24.484   set /dev12001/qachannels/0/readout/integration/delay 2.32e-07
2026.06.26 14:39:24.484   set /dev12001/sgchannels/0/output/delay 0.0
2026.06.26 14:39:24.484   set /dev12001/sgchannels/1/output/delay 0.0
2026.06.26 14:39:24.484   set /dev12001/sgchannels/2/output/delay 0.0
2026.06.26 14:39:24.484   set /dev10001/execution/holdoff 7.243251712
2026.06.26 14:39:24.484   set /dev12001/qachannels/0/mode 1
2026.06.26 14:39:24.484   set /dev12001/qachannels/0/readout/multistate/qudits/*/enable 0
2026.06.26 14:39:24.485   set /dev12001/sgchannels/0/awg/elf/data vector (?? B)
2026.06.26 14:39:24.485   set /dev12001/sgchannels/0/awg/waveform/waves/0 vector (?? B)
2026.06.26 14:39:24.485   set /dev12001/sgchannels/0/awg/waveform/waves/1 vector (?? B)
2026.06.26 14:39:24.485   set /dev12001/sgchannels/0/awg/waveform/waves/2 vector (?? B)
2026.06.26 14:39:24.485   set /dev12001/sgchannels/0/awg/waveform/waves/3 vector (?? B)
2026.06.26 14:39:24.485   set /dev12001/sgchannels/0/awg/waveform/waves/4 vector (?? B)
2026.06.26 14:39:24.485   set /dev12001/sgchannels/0/awg/waveform/waves/5 vector (?? B)
2026.06.26 14:39:24.485   set /dev12001/sgchannels/0/awg/waveform/waves/6 vector (?? B)
2026.06.26 14:39:24.485   set /dev12001/sgchannels/0/awg/waveform/waves/7 vector (?? B)
2026.06.26 14:39:24.485   set /dev12001/sgchannels/0/awg/waveform/waves/8 vector (?? B)
2026.06.26 14:39:24.485   set /dev12001/sgchannels/0/awg/waveform/waves/9 vector (?? B)
2026.06.26 14:39:24.485   set /dev12001/sgchannels/0/awg/waveform/waves/10 vector (?? B)
2026.06.26 14:39:24.485   set /dev12001/sgchannels/0/awg/waveform/waves/11 vector (?? B)
2026.06.26 14:39:24.485   set /dev12001/sgchannels/0/awg/waveform/waves/12 vector (?? B)
2026.06.26 14:39:24.485   set /dev12001/sgchannels/0/awg/waveform/waves/13 vector (?? B)
2026.06.26 14:39:24.485   set /dev12001/sgchannels/0/awg/waveform/waves/14 vector (?? B)
2026.06.26 14:39:24.485   set /dev12001/sgchannels/0/awg/waveform/waves/15 vector (?? B)
2026.06.26 14:39:24.485   set /dev12001/sgchannels/0/awg/waveform/waves/16 vector (?? B)
2026.06.26 14:39:24.485   set /dev12001/sgchannels/0/awg/waveform/waves/17 vector (?? B)
2026.06.26 14:39:24.485   set /dev12001/sgchannels/0/awg/waveform/waves/18 vector (?? B)
2026.06.26 14:39:24.485   set /dev12001/sgchannels/0/awg/waveform/waves/19 vector (?? B)
2026.06.26 14:39:24.485   set /dev12001/sgchannels/0/awg/waveform/waves/20 vector (?? B)
2026.06.26 14:39:24.485   set /dev12001/sgchannels/0/awg/waveform/waves/21 vector (?? B)
2026.06.26 14:39:24.485   set /dev12001/sgchannels/0/awg/waveform/waves/22 vector (?? B)
2026.06.26 14:39:24.485   set /dev12001/sgchannels/0/awg/waveform/waves/23 vector (?? B)
2026.06.26 14:39:24.485   set /dev12001/sgchannels/0/awg/waveform/waves/24 vector (?? B)
2026.06.26 14:39:24.485   set /dev12001/sgchannels/0/awg/waveform/waves/25 vector (?? B)
2026.06.26 14:39:24.485   set /dev12001/sgchannels/0/awg/waveform/waves/26 vector (?? B)
2026.06.26 14:39:24.486   set /dev12001/sgchannels/0/awg/waveform/waves/27 vector (?? B)
2026.06.26 14:39:24.486   set /dev12001/sgchannels/0/awg/waveform/waves/28 vector (?? B)
2026.06.26 14:39:24.486   set /dev12001/sgchannels/0/awg/waveform/waves/29 vector (?? B)
2026.06.26 14:39:24.486   set /dev12001/sgchannels/0/awg/waveform/waves/30 vector (?? B)
2026.06.26 14:39:24.486   set /dev12001/sgchannels/0/awg/waveform/waves/31 vector (?? B)
2026.06.26 14:39:24.486   set /dev12001/sgchannels/0/awg/waveform/waves/32 vector (?? B)
2026.06.26 14:39:24.486   set /dev12001/sgchannels/0/awg/waveform/waves/33 vector (?? B)
2026.06.26 14:39:24.486   set /dev12001/sgchannels/0/awg/commandtable/data vector (?? B)
2026.06.26 14:39:24.486   set /dev12001/sgchannels/1/awg/elf/data vector (?? B)
2026.06.26 14:39:24.486   set /dev12001/sgchannels/1/awg/waveform/waves/0 vector (?? B)
2026.06.26 14:39:24.486   set /dev12001/sgchannels/1/awg/waveform/waves/1 vector (?? B)
2026.06.26 14:39:24.486   set /dev12001/sgchannels/1/awg/waveform/waves/2 vector (?? B)
2026.06.26 14:39:24.486   set /dev12001/sgchannels/1/awg/waveform/waves/3 vector (?? B)
2026.06.26 14:39:24.486   set /dev12001/sgchannels/1/awg/waveform/waves/4 vector (?? B)
2026.06.26 14:39:24.486   set /dev12001/sgchannels/1/awg/waveform/waves/5 vector (?? B)
2026.06.26 14:39:24.486   set /dev12001/sgchannels/1/awg/waveform/waves/6 vector (?? B)
2026.06.26 14:39:24.486   set /dev12001/sgchannels/1/awg/waveform/waves/7 vector (?? B)
2026.06.26 14:39:24.486   set /dev12001/sgchannels/1/awg/waveform/waves/8 vector (?? B)
2026.06.26 14:39:24.486   set /dev12001/sgchannels/1/awg/waveform/waves/9 vector (?? B)
2026.06.26 14:39:24.486   set /dev12001/sgchannels/1/awg/waveform/waves/10 vector (?? B)
2026.06.26 14:39:24.486   set /dev12001/sgchannels/1/awg/waveform/waves/11 vector (?? B)
2026.06.26 14:39:24.486   set /dev12001/sgchannels/1/awg/waveform/waves/12 vector (?? B)
2026.06.26 14:39:24.486   set /dev12001/sgchannels/1/awg/waveform/waves/13 vector (?? B)
2026.06.26 14:39:24.486   set /dev12001/sgchannels/1/awg/waveform/waves/14 vector (?? B)
2026.06.26 14:39:24.486   set /dev12001/sgchannels/1/awg/waveform/waves/15 vector (?? B)
2026.06.26 14:39:24.486   set /dev12001/sgchannels/1/awg/waveform/waves/16 vector (?? B)
2026.06.26 14:39:24.486   set /dev12001/sgchannels/1/awg/waveform/waves/17 vector (?? B)
2026.06.26 14:39:24.486   set /dev12001/sgchannels/1/awg/waveform/waves/18 vector (?? B)
2026.06.26 14:39:24.487   set /dev12001/sgchannels/1/awg/waveform/waves/19 vector (?? B)
2026.06.26 14:39:24.487   set /dev12001/sgchannels/1/awg/waveform/waves/20 vector (?? B)
2026.06.26 14:39:24.487   set /dev12001/sgchannels/1/awg/waveform/waves/21 vector (?? B)
2026.06.26 14:39:24.487   set /dev12001/sgchannels/1/awg/waveform/waves/22 vector (?? B)
2026.06.26 14:39:24.487   set /dev12001/sgchannels/1/awg/waveform/waves/23 vector (?? B)
2026.06.26 14:39:24.487   set /dev12001/sgchannels/1/awg/waveform/waves/24 vector (?? B)
2026.06.26 14:39:24.487   set /dev12001/sgchannels/1/awg/waveform/waves/25 vector (?? B)
2026.06.26 14:39:24.487   set /dev12001/sgchannels/1/awg/waveform/waves/26 vector (?? B)
2026.06.26 14:39:24.487   set /dev12001/sgchannels/1/awg/waveform/waves/27 vector (?? B)
2026.06.26 14:39:24.487   set /dev12001/sgchannels/1/awg/waveform/waves/28 vector (?? B)
2026.06.26 14:39:24.487   set /dev12001/sgchannels/1/awg/waveform/waves/29 vector (?? B)
2026.06.26 14:39:24.487   set /dev12001/sgchannels/1/awg/waveform/waves/30 vector (?? B)
2026.06.26 14:39:24.487   set /dev12001/sgchannels/1/awg/waveform/waves/31 vector (?? B)
2026.06.26 14:39:24.487   set /dev12001/sgchannels/1/awg/waveform/waves/32 vector (?? B)
2026.06.26 14:39:24.487   set /dev12001/sgchannels/1/awg/waveform/waves/33 vector (?? B)
2026.06.26 14:39:24.487   set /dev12001/sgchannels/1/awg/commandtable/data vector (?? B)
2026.06.26 14:39:24.487   set /dev12001/sgchannels/2/awg/elf/data vector (?? B)
2026.06.26 14:39:24.487   set /dev12001/sgchannels/2/awg/waveform/waves/0 vector (?? B)
2026.06.26 14:39:24.487   set /dev12001/sgchannels/2/awg/waveform/waves/1 vector (?? B)
2026.06.26 14:39:24.487   set /dev12001/sgchannels/2/awg/waveform/waves/2 vector (?? B)
2026.06.26 14:39:24.487   set /dev12001/sgchannels/2/awg/waveform/waves/3 vector (?? B)
2026.06.26 14:39:24.487   set /dev12001/sgchannels/2/awg/waveform/waves/4 vector (?? B)
2026.06.26 14:39:24.487   set /dev12001/sgchannels/2/awg/waveform/waves/5 vector (?? B)
2026.06.26 14:39:24.487   set /dev12001/sgchannels/2/awg/waveform/waves/6 vector (?? B)
2026.06.26 14:39:24.487   set /dev12001/sgchannels/2/awg/waveform/waves/7 vector (?? B)
2026.06.26 14:39:24.487   set /dev12001/sgchannels/2/awg/waveform/waves/8 vector (?? B)
2026.06.26 14:39:24.488   set /dev12001/sgchannels/2/awg/waveform/waves/9 vector (?? B)
2026.06.26 14:39:24.488   set /dev12001/sgchannels/2/awg/waveform/waves/10 vector (?? B)
2026.06.26 14:39:24.488   set /dev12001/sgchannels/2/awg/waveform/waves/11 vector (?? B)
2026.06.26 14:39:24.488   set /dev12001/sgchannels/2/awg/waveform/waves/12 vector (?? B)
2026.06.26 14:39:24.488   set /dev12001/sgchannels/2/awg/waveform/waves/13 vector (?? B)
2026.06.26 14:39:24.488   set /dev12001/sgchannels/2/awg/waveform/waves/14 vector (?? B)
2026.06.26 14:39:24.488   set /dev12001/sgchannels/2/awg/waveform/waves/15 vector (?? B)
2026.06.26 14:39:24.488   set /dev12001/sgchannels/2/awg/waveform/waves/16 vector (?? B)
2026.06.26 14:39:24.488   set /dev12001/sgchannels/2/awg/waveform/waves/17 vector (?? B)
2026.06.26 14:39:24.488   set /dev12001/sgchannels/2/awg/waveform/waves/18 vector (?? B)
2026.06.26 14:39:24.488   set /dev12001/sgchannels/2/awg/waveform/waves/19 vector (?? B)
2026.06.26 14:39:24.488   set /dev12001/sgchannels/2/awg/waveform/waves/20 vector (?? B)
2026.06.26 14:39:24.488   set /dev12001/sgchannels/2/awg/waveform/waves/21 vector (?? B)
2026.06.26 14:39:24.488   set /dev12001/sgchannels/2/awg/waveform/waves/22 vector (?? B)
2026.06.26 14:39:24.488   set /dev12001/sgchannels/2/awg/waveform/waves/23 vector (?? B)
2026.06.26 14:39:24.488   set /dev12001/sgchannels/2/awg/waveform/waves/24 vector (?? B)
2026.06.26 14:39:24.488   set /dev12001/sgchannels/2/awg/waveform/waves/25 vector (?? B)
2026.06.26 14:39:24.488   set /dev12001/sgchannels/2/awg/waveform/waves/26 vector (?? B)
2026.06.26 14:39:24.488   set /dev12001/sgchannels/2/awg/waveform/waves/27 vector (?? B)
2026.06.26 14:39:24.488   set /dev12001/sgchannels/2/awg/waveform/waves/28 vector (?? B)
2026.06.26 14:39:24.488   set /dev12001/sgchannels/2/awg/waveform/waves/29 vector (?? B)
2026.06.26 14:39:24.488   set /dev12001/sgchannels/2/awg/waveform/waves/30 vector (?? B)
2026.06.26 14:39:24.488   set /dev12001/sgchannels/2/awg/waveform/waves/31 vector (?? B)
2026.06.26 14:39:24.488   set /dev12001/sgchannels/2/awg/waveform/waves/32 vector (?? B)
2026.06.26 14:39:24.488   set /dev12001/sgchannels/2/awg/waveform/waves/33 vector (?? B)
2026.06.26 14:39:24.488   set /dev12001/sgchannels/2/awg/commandtable/data vector (?? B)
2026.06.26 14:39:24.488   set /dev12001/qachannels/0/readout/multistate/enable 1
2026.06.26 14:39:24.488   set /dev12001/qachannels/0/readout/multistate/zsync/packed 1
2026.06.26 14:39:24.489   set /dev12001/qachannels/0/readout/multistate/qudits/0/numstates 2
2026.06.26 14:39:24.489   set /dev12001/qachannels/0/readout/multistate/qudits/0/enable 1
2026.06.26 14:39:24.489   set /dev12001/qachannels/0/readout/multistate/qudits/0/assignmentvec vector (?? B)
2026.06.26 14:39:24.489   set /dev12001/qachannels/0/readout/multistate/zsync/packed 1
2026.06.26 14:39:24.489   set /dev12001/qachannels/0/readout/multistate/qudits/1/numstates 2
2026.06.26 14:39:24.489   set /dev12001/qachannels/0/readout/multistate/qudits/1/enable 1
2026.06.26 14:39:24.489   set /dev12001/qachannels/0/readout/multistate/qudits/1/assignmentvec vector (?? B)
2026.06.26 14:39:24.489   set /dev12001/qachannels/0/readout/multistate/zsync/packed 1
2026.06.26 14:39:24.489   set /dev12001/qachannels/0/readout/multistate/qudits/2/numstates 2
2026.06.26 14:39:24.489   set /dev12001/qachannels/0/readout/multistate/qudits/2/enable 1
2026.06.26 14:39:24.489   set /dev12001/qachannels/0/readout/multistate/qudits/2/assignmentvec vector (?? B)
2026.06.26 14:39:24.489   set /dev12001/qachannels/0/readout/result/enable 0
2026.06.26 14:39:24.489   set /dev12001/qachannels/0/readout/result/source 1
2026.06.26 14:39:24.489   set /dev12001/qachannels/0/readout/result/length 35
2026.06.26 14:39:24.489   set /dev12001/qachannels/0/readout/result/averages 1024
2026.06.26 14:39:24.489   set /dev12001/qachannels/0/readout/result/mode 0
2026.06.26 14:39:24.489   set /dev12001/qachannels/0/readout/multistate/qudits/0/thresholds/0/value 0.0
2026.06.26 14:39:24.489   set /dev12001/qachannels/0/readout/multistate/qudits/1/thresholds/0/value 0.0
2026.06.26 14:39:24.489   set /dev12001/qachannels/0/readout/multistate/qudits/2/thresholds/0/value 0.0
2026.06.26 14:39:24.489   set /dev12001/qachannels/0/readout/result/enable 1
2026.06.26 14:39:24.489   set /dev12001/qachannels/0/spectroscopy/result/enable 0
2026.06.26 14:39:24.489   set /dev12001/scopes/0/enable 0
2026.06.26 14:39:24.489   set /dev12001/qachannels/0/generator/elf/data vector (?? B)
2026.06.26 14:39:24.489   set /dev12001/qachannels/0/generator/clearwave 1
2026.06.26 14:39:24.489   set /dev12001/qachannels/0/generator/waveforms/0/wave <unexpected type>
2026.06.26 14:39:24.489   set /dev12001/qachannels/0/generator/waveforms/1/wave <unexpected type>
2026.06.26 14:39:24.489   set /dev12001/qachannels/0/generator/waveforms/2/wave <unexpected type>
2026.06.26 14:39:24.489   set /dev12001/qachannels/0/spectroscopy/envelope/enable 0
2026.06.26 14:39:24.489   set /dev12001/qachannels/0/readout/multistate/qudits/0/weights/0/wave vector (?? B)
2026.06.26 14:39:24.490   set /dev12001/qachannels/0/readout/multistate/qudits/1/weights/0/wave vector (?? B)
2026.06.26 14:39:24.490   set /dev12001/qachannels/0/readout/multistate/qudits/2/weights/0/wave vector (?? B)
2026.06.26 14:39:24.490   set /dev12001/qachannels/0/readout/integration/length 4000
2026.06.26 14:39:24.490   set /dev12001/system/internaltrigger/synchronization/enable 0
2026.06.26 14:39:24.490   set /dev12001/system/synchronization/source 0
2026.06.26 14:39:24.490   set /dev12001/qachannels/0/generator/enable 1
2026.06.26 14:39:24.490   set /dev12001/sgchannels/0/awg/enable 1
2026.06.26 14:39:24.490   set /dev12001/sgchannels/1/awg/enable 1
2026.06.26 14:39:24.490   set /dev12001/sgchannels/2/awg/enable 1
2026.06.26 14:39:24.490   set /dev10001/triggers/out/0/enable 1
2026.06.26 14:39:24.490   set /dev10001/triggers/out/0/port 0
2026.06.26 14:39:24.490   set /dev10001/execution/enable 1
2026.06.26 14:39:24.490   set /dev12001/system/synchronization/source 0
2026.06.26 14:39:24.490   set /dev12001/raw/system/awg/runtimechecks/enable 0
2026.06.26 14:39:24.490   set /dev12001/qachannels/0/readout/result/enable 0
2026.06.26 14:39:24.490   get /dev12001/raw/error/json/errors -
2026.06.26 14:39:24.490   get /dev12001/raw/error/json/errors -
2026.06.26 14:39:24.490   get /dev10001/raw/error/json/errors -
2026.06.26 14:39:24.490   set /dev12001/qachannels/*/spectroscopy/envelope/enable 1
2026.06.26 14:39:24.582 Node log from the data server with id 'zi_server':
2026.06.26 14:39:24.583   get /dev12001/sgchannels/0/busy -
2026.06.26 14:39:24.583   get /dev12001/sgchannels/1/busy -
2026.06.26 14:39:24.583   get /dev12001/sgchannels/2/busy -
2026.06.26 14:39:24.583   set /dev10001/raw/error/clear 1
2026.06.26 14:39:24.583   get /dev12001/qachannels/0/busy -
2026.06.26 14:39:24.583   set /dev12001/sgchannels/0/output/on 1
2026.06.26 14:39:24.583   set /dev12001/sgchannels/0/output/range -30.0
2026.06.26 14:39:24.583   set /dev12001/sgchannels/0/awg/single 1
2026.06.26 14:39:24.583   set /dev12001/sgchannels/0/awg/modulation/enable 1
2026.06.26 14:39:24.583   set /dev12001/sgchannels/0/marker/source 0
2026.06.26 14:39:24.583   set /dev12001/sgchannels/0/trigger/delay 0.0
2026.06.26 14:39:24.583   set /dev12001/sgchannels/0/output/rflfpath 1
2026.06.26 14:39:24.583   set /dev12001/sgchannels/1/output/on 1
2026.06.26 14:39:24.583   set /dev12001/sgchannels/1/output/range -30.0
2026.06.26 14:39:24.583   set /dev12001/sgchannels/1/awg/single 1
2026.06.26 14:39:24.583   set /dev12001/sgchannels/1/awg/modulation/enable 1
2026.06.26 14:39:24.583   set /dev12001/sgchannels/1/marker/source 0
2026.06.26 14:39:24.583   set /dev12001/sgchannels/1/trigger/delay 0.0
2026.06.26 14:39:24.583   set /dev12001/sgchannels/1/output/rflfpath 1
2026.06.26 14:39:24.583   set /dev12001/sgchannels/2/output/on 1
2026.06.26 14:39:24.583   set /dev12001/sgchannels/2/output/range -30.0
2026.06.26 14:39:24.583   set /dev12001/sgchannels/2/awg/single 1
2026.06.26 14:39:24.583   set /dev12001/sgchannels/2/awg/modulation/enable 1
2026.06.26 14:39:24.583   set /dev12001/sgchannels/2/marker/source 0
2026.06.26 14:39:24.583   set /dev12001/sgchannels/2/trigger/delay 0.0
2026.06.26 14:39:24.583   set /dev12001/sgchannels/2/output/rflfpath 1
2026.06.26 14:39:24.583   set /dev12001/qachannels/0/output/on 1
2026.06.26 14:39:24.583   set /dev12001/qachannels/0/output/range -25.0
2026.06.26 14:39:24.583   set /dev12001/qachannels/0/generator/single 1
2026.06.26 14:39:24.583   set /dev12001/qachannels/0/input/rflfpath 1
2026.06.26 14:39:24.584   set /dev12001/qachannels/0/input/on 1
2026.06.26 14:39:24.584   set /dev12001/qachannels/0/input/range 10.0
2026.06.26 14:39:24.584   set /dev12001/sgchannels/0/sines/0/oscselect 1
2026.06.26 14:39:24.584   set /dev12001/sgchannels/0/sines/0/harmonic 1
2026.06.26 14:39:24.584   set /dev12001/sgchannels/0/sines/0/phaseshift 0
2026.06.26 14:39:24.584   set /dev12001/sgchannels/1/sines/0/oscselect 1
2026.06.26 14:39:24.584   set /dev12001/sgchannels/1/sines/0/harmonic 1
2026.06.26 14:39:24.584   set /dev12001/sgchannels/1/sines/0/phaseshift 0
2026.06.26 14:39:24.584   set /dev12001/sgchannels/2/sines/0/oscselect 1
2026.06.26 14:39:24.584   set /dev12001/sgchannels/2/sines/0/harmonic 1
2026.06.26 14:39:24.584   set /dev12001/sgchannels/2/sines/0/phaseshift 0
2026.06.26 14:39:24.584   set /dev12001/raw/error/clear 1
2026.06.26 14:39:24.584   get /dev12001/sgchannels/0/output/overrangecount -
2026.06.26 14:39:24.584   get /dev12001/sgchannels/1/output/overrangecount -
2026.06.26 14:39:24.584   get /dev12001/sgchannels/2/output/overrangecount -
2026.06.26 14:39:24.584   get /dev12001/sgchannels/3/output/overrangecount -
2026.06.26 14:39:24.584   get /dev12001/sgchannels/4/output/overrangecount -
2026.06.26 14:39:24.584   get /dev12001/sgchannels/5/output/overrangecount -
2026.06.26 14:39:24.584   get /dev12001/qachannels/0/output/overrangecount -
2026.06.26 14:39:24.584   get /dev12001/qachannels/0/input/overrangecount -
2026.06.26 14:39:24.584   set /dev12001/sgchannels/0/oscs/0/freq -100000000.0
2026.06.26 14:39:24.584   set /dev12001/sgchannels/0/oscs/1/freq -400000000.0
2026.06.26 14:39:24.584   set /dev12001/sgchannels/1/oscs/0/freq 100000000.0
2026.06.26 14:39:24.584   set /dev12001/sgchannels/1/oscs/1/freq -100000000.0
2026.06.26 14:39:24.584   set /dev12001/sgchannels/2/oscs/0/freq -200000000.0
2026.06.26 14:39:24.584   set /dev12001/sgchannels/2/oscs/1/freq -400000000.0
2026.06.26 14:39:24.584   set /dev10001/system/clocks/referenceclock/out/enable 1
2026.06.26 14:39:24.584   set /dev10001/execution/repetitions 1
2026.06.26 14:39:24.584   set /dev12001/qachannels/0/markers/0/source 32
2026.06.26 14:39:24.584   set /dev12001/qachannels/0/markers/1/source 36
2026.06.26 14:39:24.585   set /dev12001/qachannels/0/generator/auxtriggers/0/channel 0
2026.06.26 14:39:24.585   set /dev12001/sgchannels/0/oscs/0/freq -100000000.0
2026.06.26 14:39:24.585   set /dev12001/sgchannels/0/oscs/1/freq -400000000.0
2026.06.26 14:39:24.585   set /dev12001/sgchannels/1/oscs/0/freq 100000000.0
2026.06.26 14:39:24.585   set /dev12001/sgchannels/1/oscs/1/freq -100000000.0
2026.06.26 14:39:24.585   set /dev12001/sgchannels/2/oscs/0/freq -200000000.0
2026.06.26 14:39:24.585   set /dev12001/sgchannels/2/oscs/1/freq -400000000.0
2026.06.26 14:39:24.585   set /dev12001/synthesizers/1/centerfreq 6400000000.0
2026.06.26 14:39:24.585   set /dev12001/synthesizers/2/centerfreq 6000000000.0
2026.06.26 14:39:24.585   set /dev12001/qachannels/0/centerfreq 7400000000.0
2026.06.26 14:39:24.585   set /dev12001/qachannels/0/generator/delay 0.0
2026.06.26 14:39:24.585   set /dev12001/qachannels/0/readout/integration/delay 2.32e-07
2026.06.26 14:39:24.585   set /dev12001/sgchannels/0/output/delay 0.0
2026.06.26 14:39:24.585   set /dev12001/sgchannels/1/output/delay 0.0
2026.06.26 14:39:24.585   set /dev12001/sgchannels/2/output/delay 0.0
2026.06.26 14:39:24.585   set /dev10001/execution/holdoff 13.318905856
2026.06.26 14:39:24.585   set /dev12001/qachannels/0/mode 1
2026.06.26 14:39:24.585   set /dev12001/qachannels/0/readout/multistate/qudits/*/enable 0
2026.06.26 14:39:24.585   set /dev12001/sgchannels/0/awg/elf/data vector (?? B)
2026.06.26 14:39:24.585   set /dev12001/sgchannels/0/awg/waveform/waves/0 vector (?? B)
2026.06.26 14:39:24.585   set /dev12001/sgchannels/0/awg/waveform/waves/1 vector (?? B)
2026.06.26 14:39:24.585   set /dev12001/sgchannels/0/awg/waveform/waves/2 vector (?? B)
2026.06.26 14:39:24.585   set /dev12001/sgchannels/0/awg/waveform/waves/3 vector (?? B)
2026.06.26 14:39:24.585   set /dev12001/sgchannels/0/awg/waveform/waves/4 vector (?? B)
2026.06.26 14:39:24.585   set /dev12001/sgchannels/0/awg/waveform/waves/5 vector (?? B)
2026.06.26 14:39:24.585   set /dev12001/sgchannels/0/awg/waveform/waves/6 vector (?? B)
2026.06.26 14:39:24.585   set /dev12001/sgchannels/0/awg/waveform/waves/7 vector (?? B)
2026.06.26 14:39:24.585   set /dev12001/sgchannels/0/awg/waveform/waves/8 vector (?? B)
2026.06.26 14:39:24.585   set /dev12001/sgchannels/0/awg/waveform/waves/9 vector (?? B)
2026.06.26 14:39:24.586   set /dev12001/sgchannels/0/awg/waveform/waves/10 vector (?? B)
2026.06.26 14:39:24.586   set /dev12001/sgchannels/0/awg/waveform/waves/11 vector (?? B)
2026.06.26 14:39:24.586   set /dev12001/sgchannels/0/awg/waveform/waves/12 vector (?? B)
2026.06.26 14:39:24.586   set /dev12001/sgchannels/0/awg/waveform/waves/13 vector (?? B)
2026.06.26 14:39:24.586   set /dev12001/sgchannels/0/awg/waveform/waves/14 vector (?? B)
2026.06.26 14:39:24.586   set /dev12001/sgchannels/0/awg/waveform/waves/15 vector (?? B)
2026.06.26 14:39:24.586   set /dev12001/sgchannels/0/awg/commandtable/data vector (?? B)
2026.06.26 14:39:24.586   set /dev12001/sgchannels/1/awg/elf/data vector (?? B)
2026.06.26 14:39:24.586   set /dev12001/sgchannels/1/awg/waveform/waves/0 vector (?? B)
2026.06.26 14:39:24.586   set /dev12001/sgchannels/1/awg/waveform/waves/1 vector (?? B)
2026.06.26 14:39:24.586   set /dev12001/sgchannels/1/awg/waveform/waves/2 vector (?? B)
2026.06.26 14:39:24.586   set /dev12001/sgchannels/1/awg/waveform/waves/3 vector (?? B)
2026.06.26 14:39:24.586   set /dev12001/sgchannels/1/awg/waveform/waves/4 vector (?? B)
2026.06.26 14:39:24.586   set /dev12001/sgchannels/1/awg/waveform/waves/5 vector (?? B)
2026.06.26 14:39:24.586   set /dev12001/sgchannels/1/awg/waveform/waves/6 vector (?? B)
2026.06.26 14:39:24.586   set /dev12001/sgchannels/1/awg/waveform/waves/7 vector (?? B)
2026.06.26 14:39:24.586   set /dev12001/sgchannels/1/awg/waveform/waves/8 vector (?? B)
2026.06.26 14:39:24.586   set /dev12001/sgchannels/1/awg/waveform/waves/9 vector (?? B)
2026.06.26 14:39:24.586   set /dev12001/sgchannels/1/awg/waveform/waves/10 vector (?? B)
2026.06.26 14:39:24.586   set /dev12001/sgchannels/1/awg/waveform/waves/11 vector (?? B)
2026.06.26 14:39:24.586   set /dev12001/sgchannels/1/awg/waveform/waves/12 vector (?? B)
2026.06.26 14:39:24.586   set /dev12001/sgchannels/1/awg/waveform/waves/13 vector (?? B)
2026.06.26 14:39:24.586   set /dev12001/sgchannels/1/awg/waveform/waves/14 vector (?? B)
2026.06.26 14:39:24.586   set /dev12001/sgchannels/1/awg/waveform/waves/15 vector (?? B)
2026.06.26 14:39:24.586   set /dev12001/sgchannels/1/awg/commandtable/data vector (?? B)
2026.06.26 14:39:24.586   set /dev12001/sgchannels/2/awg/elf/data vector (?? B)
2026.06.26 14:39:24.586   set /dev12001/sgchannels/2/awg/waveform/waves/0 vector (?? B)
2026.06.26 14:39:24.586   set /dev12001/sgchannels/2/awg/waveform/waves/1 vector (?? B)
2026.06.26 14:39:24.587   set /dev12001/sgchannels/2/awg/waveform/waves/2 vector (?? B)
2026.06.26 14:39:24.587   set /dev12001/sgchannels/2/awg/waveform/waves/3 vector (?? B)
2026.06.26 14:39:24.587   set /dev12001/sgchannels/2/awg/waveform/waves/4 vector (?? B)
2026.06.26 14:39:24.587   set /dev12001/sgchannels/2/awg/waveform/waves/5 vector (?? B)
2026.06.26 14:39:24.587   set /dev12001/sgchannels/2/awg/waveform/waves/6 vector (?? B)
2026.06.26 14:39:24.587   set /dev12001/sgchannels/2/awg/waveform/waves/7 vector (?? B)
2026.06.26 14:39:24.587   set /dev12001/sgchannels/2/awg/waveform/waves/8 vector (?? B)
2026.06.26 14:39:24.587   set /dev12001/sgchannels/2/awg/waveform/waves/9 vector (?? B)
2026.06.26 14:39:24.587   set /dev12001/sgchannels/2/awg/waveform/waves/10 vector (?? B)
2026.06.26 14:39:24.587   set /dev12001/sgchannels/2/awg/waveform/waves/11 vector (?? B)
2026.06.26 14:39:24.587   set /dev12001/sgchannels/2/awg/waveform/waves/12 vector (?? B)
2026.06.26 14:39:24.587   set /dev12001/sgchannels/2/awg/waveform/waves/13 vector (?? B)
2026.06.26 14:39:24.587   set /dev12001/sgchannels/2/awg/waveform/waves/14 vector (?? B)
2026.06.26 14:39:24.587   set /dev12001/sgchannels/2/awg/waveform/waves/15 vector (?? B)
2026.06.26 14:39:24.587   set /dev12001/sgchannels/2/awg/commandtable/data vector (?? B)
2026.06.26 14:39:24.587   set /dev12001/qachannels/0/readout/multistate/enable 1
2026.06.26 14:39:24.587   set /dev12001/qachannels/0/readout/multistate/zsync/packed 1
2026.06.26 14:39:24.587   set /dev12001/qachannels/0/readout/multistate/qudits/0/numstates 2
2026.06.26 14:39:24.587   set /dev12001/qachannels/0/readout/multistate/qudits/0/enable 1
2026.06.26 14:39:24.587   set /dev12001/qachannels/0/readout/multistate/qudits/0/assignmentvec vector (?? B)
2026.06.26 14:39:24.587   set /dev12001/qachannels/0/readout/multistate/zsync/packed 1
2026.06.26 14:39:24.587   set /dev12001/qachannels/0/readout/multistate/qudits/1/numstates 2
2026.06.26 14:39:24.587   set /dev12001/qachannels/0/readout/multistate/qudits/1/enable 1
2026.06.26 14:39:24.587   set /dev12001/qachannels/0/readout/multistate/qudits/1/assignmentvec vector (?? B)
2026.06.26 14:39:24.587   set /dev12001/qachannels/0/readout/multistate/zsync/packed 1
2026.06.26 14:39:24.587   set /dev12001/qachannels/0/readout/multistate/qudits/2/numstates 2
2026.06.26 14:39:24.587   set /dev12001/qachannels/0/readout/multistate/qudits/2/enable 1
2026.06.26 14:39:24.588   set /dev12001/qachannels/0/readout/multistate/qudits/2/assignmentvec vector (?? B)
2026.06.26 14:39:24.588   set /dev12001/qachannels/0/readout/result/enable 0
2026.06.26 14:39:24.588   set /dev12001/qachannels/0/readout/result/source 1
2026.06.26 14:39:24.588   set /dev12001/qachannels/0/readout/result/length 52
2026.06.26 14:39:24.588   set /dev12001/qachannels/0/readout/result/averages 1024
2026.06.26 14:39:24.588   set /dev12001/qachannels/0/readout/result/mode 0
2026.06.26 14:39:24.588   set /dev12001/qachannels/0/readout/multistate/qudits/0/thresholds/0/value 0.0
2026.06.26 14:39:24.588   set /dev12001/qachannels/0/readout/multistate/qudits/1/thresholds/0/value 0.0
2026.06.26 14:39:24.588   set /dev12001/qachannels/0/readout/multistate/qudits/2/thresholds/0/value 0.0
2026.06.26 14:39:24.588   set /dev12001/qachannels/0/readout/result/enable 1
2026.06.26 14:39:24.588   set /dev12001/qachannels/0/spectroscopy/result/enable 0
2026.06.26 14:39:24.588   set /dev12001/scopes/0/enable 0
2026.06.26 14:39:24.588   set /dev12001/qachannels/0/generator/elf/data vector (?? B)
2026.06.26 14:39:24.588   set /dev12001/qachannels/0/generator/clearwave 1
2026.06.26 14:39:24.588   set /dev12001/qachannels/0/generator/waveforms/0/wave <unexpected type>
2026.06.26 14:39:24.588   set /dev12001/qachannels/0/generator/waveforms/1/wave <unexpected type>
2026.06.26 14:39:24.588   set /dev12001/qachannels/0/generator/waveforms/2/wave <unexpected type>
2026.06.26 14:39:24.588   set /dev12001/qachannels/0/spectroscopy/envelope/enable 0
2026.06.26 14:39:24.588   set /dev12001/qachannels/0/readout/multistate/qudits/0/weights/0/wave vector (?? B)
2026.06.26 14:39:24.588   set /dev12001/qachannels/0/readout/multistate/qudits/1/weights/0/wave vector (?? B)
2026.06.26 14:39:24.588   set /dev12001/qachannels/0/readout/multistate/qudits/2/weights/0/wave vector (?? B)
2026.06.26 14:39:24.588   set /dev12001/qachannels/0/readout/integration/length 4000
2026.06.26 14:39:24.588   set /dev12001/system/internaltrigger/synchronization/enable 0
2026.06.26 14:39:24.588   set /dev12001/system/synchronization/source 0
2026.06.26 14:39:24.588   set /dev12001/qachannels/0/generator/enable 1
2026.06.26 14:39:24.588   set /dev12001/sgchannels/0/awg/enable 1
2026.06.26 14:39:24.588   set /dev12001/sgchannels/1/awg/enable 1
2026.06.26 14:39:24.588   set /dev12001/sgchannels/2/awg/enable 1
2026.06.26 14:39:24.589   set /dev10001/triggers/out/0/enable 1
2026.06.26 14:39:24.589   set /dev10001/triggers/out/0/port 0
2026.06.26 14:39:24.589   set /dev10001/execution/enable 1
2026.06.26 14:39:24.589   set /dev12001/system/synchronization/source 0
2026.06.26 14:39:24.589   set /dev12001/raw/system/awg/runtimechecks/enable 0
2026.06.26 14:39:24.589   set /dev12001/qachannels/0/readout/result/enable 0
2026.06.26 14:39:24.589   get /dev12001/raw/error/json/errors -
2026.06.26 14:39:24.589   get /dev12001/raw/error/json/errors -
2026.06.26 14:39:24.589   get /dev10001/raw/error/json/errors -
2026.06.26 14:39:24.589   set /dev12001/qachannels/*/spectroscopy/envelope/enable 1
2026.06.26 14:39:24.675 Node log from the data server with id 'zi_server':
2026.06.26 14:39:24.675   get /dev12001/sgchannels/0/busy -
2026.06.26 14:39:24.675   get /dev12001/sgchannels/2/busy -
2026.06.26 14:39:24.675   set /dev10001/raw/error/clear 1
2026.06.26 14:39:24.675   get /dev12001/qachannels/0/busy -
2026.06.26 14:39:24.675   set /dev12001/sgchannels/0/output/on 1
2026.06.26 14:39:24.675   set /dev12001/sgchannels/0/output/range 10.0
2026.06.26 14:39:24.676   set /dev12001/sgchannels/0/awg/single 1
2026.06.26 14:39:24.676   set /dev12001/sgchannels/0/awg/modulation/enable 1
2026.06.26 14:39:24.676   set /dev12001/sgchannels/0/marker/source 0
2026.06.26 14:39:24.676   set /dev12001/sgchannels/0/trigger/delay 0.0
2026.06.26 14:39:24.676   set /dev12001/sgchannels/0/output/rflfpath 1
2026.06.26 14:39:24.676   set /dev12001/sgchannels/2/output/on 1
2026.06.26 14:39:24.676   set /dev12001/sgchannels/2/output/range 10.0
2026.06.26 14:39:24.676   set /dev12001/sgchannels/2/awg/single 1
2026.06.26 14:39:24.676   set /dev12001/sgchannels/2/awg/modulation/enable 1
2026.06.26 14:39:24.676   set /dev12001/sgchannels/2/marker/source 0
2026.06.26 14:39:24.676   set /dev12001/sgchannels/2/trigger/delay 0.0
2026.06.26 14:39:24.676   set /dev12001/sgchannels/2/output/rflfpath 1
2026.06.26 14:39:24.676   set /dev12001/qachannels/0/output/on 1
2026.06.26 14:39:24.676   set /dev12001/qachannels/0/output/range -25.0
2026.06.26 14:39:24.676   set /dev12001/qachannels/0/generator/single 1
2026.06.26 14:39:24.676   set /dev12001/qachannels/0/input/rflfpath 1
2026.06.26 14:39:24.676   set /dev12001/qachannels/0/input/on 1
2026.06.26 14:39:24.676   set /dev12001/qachannels/0/input/range 10.0
2026.06.26 14:39:24.676   set /dev12001/sgchannels/0/sines/0/oscselect 1
2026.06.26 14:39:24.676   set /dev12001/sgchannels/0/sines/0/harmonic 1
2026.06.26 14:39:24.676   set /dev12001/sgchannels/0/sines/0/phaseshift 0
2026.06.26 14:39:24.676   set /dev12001/sgchannels/2/sines/0/oscselect 1
2026.06.26 14:39:24.676   set /dev12001/sgchannels/2/sines/0/harmonic 1
2026.06.26 14:39:24.676   set /dev12001/sgchannels/2/sines/0/phaseshift 0
2026.06.26 14:39:24.676   set /dev12001/raw/error/clear 1
2026.06.26 14:39:24.676   get /dev12001/sgchannels/0/output/overrangecount -
2026.06.26 14:39:24.676   get /dev12001/sgchannels/1/output/overrangecount -
2026.06.26 14:39:24.676   get /dev12001/sgchannels/2/output/overrangecount -
2026.06.26 14:39:24.676   get /dev12001/sgchannels/3/output/overrangecount -
2026.06.26 14:39:24.676   get /dev12001/sgchannels/4/output/overrangecount -
2026.06.26 14:39:24.676   get /dev12001/sgchannels/5/output/overrangecount -
2026.06.26 14:39:24.677   get /dev12001/qachannels/0/output/overrangecount -
2026.06.26 14:39:24.677   get /dev12001/qachannels/0/input/overrangecount -
2026.06.26 14:39:24.677   set /dev12001/sgchannels/0/oscs/0/freq -69170658.85886383
2026.06.26 14:39:24.677   set /dev12001/sgchannels/0/oscs/1/freq -400000000.0
2026.06.26 14:39:24.677   set /dev12001/sgchannels/2/oscs/0/freq -169508074.41747856
2026.06.26 14:39:24.677   set /dev12001/sgchannels/2/oscs/1/freq -400000000.0
2026.06.26 14:39:24.677   set /dev10001/system/clocks/referenceclock/out/enable 1
2026.06.26 14:39:24.677   set /dev10001/execution/repetitions 1
2026.06.26 14:39:24.677   set /dev12001/qachannels/0/markers/0/source 32
2026.06.26 14:39:24.677   set /dev12001/qachannels/0/markers/1/source 36
2026.06.26 14:39:24.677   set /dev12001/qachannels/0/generator/auxtriggers/0/channel 0
2026.06.26 14:39:24.677   set /dev12001/sgchannels/0/oscs/0/freq -69170658.85886383
2026.06.26 14:39:24.677   set /dev12001/sgchannels/0/oscs/1/freq -400000000.0
2026.06.26 14:39:24.677   set /dev12001/sgchannels/2/oscs/0/freq -169508074.41747856
2026.06.26 14:39:24.677   set /dev12001/sgchannels/2/oscs/1/freq -400000000.0
2026.06.26 14:39:24.677   set /dev12001/synthesizers/1/centerfreq 6400000000.0
2026.06.26 14:39:24.677   set /dev12001/synthesizers/2/centerfreq 6000000000.0
2026.06.26 14:39:24.677   set /dev12001/qachannels/0/centerfreq 7400000000.0
2026.06.26 14:39:24.677   set /dev12001/qachannels/0/generator/delay 0.0
2026.06.26 14:39:24.677   set /dev12001/qachannels/0/readout/integration/delay 2.32e-07
2026.06.26 14:39:24.677   set /dev12001/sgchannels/0/output/delay 0.0
2026.06.26 14:39:24.677   set /dev12001/sgchannels/2/output/delay 0.0
2026.06.26 14:39:24.677   set /dev10001/execution/holdoff 13.324009472
2026.06.26 14:39:24.677   set /dev12001/qachannels/0/mode 1
2026.06.26 14:39:24.677   set /dev12001/qachannels/0/readout/multistate/qudits/*/enable 0
2026.06.26 14:39:24.677   set /dev12001/sgchannels/0/awg/elf/data vector (?? B)
2026.06.26 14:39:24.677   set /dev12001/sgchannels/0/awg/waveform/waves/0 vector (?? B)
2026.06.26 14:39:24.677   set /dev12001/sgchannels/0/awg/waveform/waves/1 vector (?? B)
2026.06.26 14:39:24.677   set /dev12001/sgchannels/0/awg/waveform/waves/2 vector (?? B)
2026.06.26 14:39:24.678   set /dev12001/sgchannels/0/awg/waveform/waves/3 vector (?? B)
2026.06.26 14:39:24.678   set /dev12001/sgchannels/0/awg/waveform/waves/4 vector (?? B)
2026.06.26 14:39:24.678   set /dev12001/sgchannels/0/awg/waveform/waves/5 vector (?? B)
2026.06.26 14:39:24.678   set /dev12001/sgchannels/0/awg/waveform/waves/6 vector (?? B)
2026.06.26 14:39:24.678   set /dev12001/sgchannels/0/awg/waveform/waves/7 vector (?? B)
2026.06.26 14:39:24.678   set /dev12001/sgchannels/0/awg/waveform/waves/8 vector (?? B)
2026.06.26 14:39:24.678   set /dev12001/sgchannels/0/awg/waveform/waves/9 vector (?? B)
2026.06.26 14:39:24.678   set /dev12001/sgchannels/0/awg/waveform/waves/10 vector (?? B)
2026.06.26 14:39:24.678   set /dev12001/sgchannels/0/awg/waveform/waves/11 vector (?? B)
2026.06.26 14:39:24.678   set /dev12001/sgchannels/0/awg/waveform/waves/12 vector (?? B)
2026.06.26 14:39:24.678   set /dev12001/sgchannels/0/awg/waveform/waves/13 vector (?? B)
2026.06.26 14:39:24.678   set /dev12001/sgchannels/0/awg/waveform/waves/14 vector (?? B)
2026.06.26 14:39:24.678   set /dev12001/sgchannels/0/awg/waveform/waves/15 vector (?? B)
2026.06.26 14:39:24.678   set /dev12001/sgchannels/0/awg/waveform/waves/16 vector (?? B)
2026.06.26 14:39:24.678   set /dev12001/sgchannels/0/awg/waveform/waves/17 vector (?? B)
2026.06.26 14:39:24.678   set /dev12001/sgchannels/0/awg/waveform/waves/18 vector (?? B)
2026.06.26 14:39:24.678   set /dev12001/sgchannels/0/awg/waveform/waves/19 vector (?? B)
2026.06.26 14:39:24.678   set /dev12001/sgchannels/0/awg/waveform/waves/20 vector (?? B)
2026.06.26 14:39:24.678   set /dev12001/sgchannels/0/awg/waveform/waves/21 vector (?? B)
2026.06.26 14:39:24.678   set /dev12001/sgchannels/0/awg/waveform/waves/22 vector (?? B)
2026.06.26 14:39:24.678   set /dev12001/sgchannels/0/awg/waveform/waves/23 vector (?? B)
2026.06.26 14:39:24.678   set /dev12001/sgchannels/0/awg/waveform/waves/24 vector (?? B)
2026.06.26 14:39:24.678   set /dev12001/sgchannels/0/awg/commandtable/data vector (?? B)
2026.06.26 14:39:24.678   set /dev12001/sgchannels/2/awg/elf/data vector (?? B)
2026.06.26 14:39:24.678   set /dev12001/sgchannels/2/awg/waveform/waves/0 vector (?? B)
2026.06.26 14:39:24.678   set /dev12001/sgchannels/2/awg/waveform/waves/1 vector (?? B)
2026.06.26 14:39:24.678   set /dev12001/sgchannels/2/awg/waveform/waves/2 vector (?? B)
2026.06.26 14:39:24.679   set /dev12001/sgchannels/2/awg/waveform/waves/3 vector (?? B)
2026.06.26 14:39:24.679   set /dev12001/sgchannels/2/awg/waveform/waves/4 vector (?? B)
2026.06.26 14:39:24.679   set /dev12001/sgchannels/2/awg/waveform/waves/5 vector (?? B)
2026.06.26 14:39:24.679   set /dev12001/sgchannels/2/awg/waveform/waves/6 vector (?? B)
2026.06.26 14:39:24.679   set /dev12001/sgchannels/2/awg/waveform/waves/7 vector (?? B)
2026.06.26 14:39:24.679   set /dev12001/sgchannels/2/awg/waveform/waves/8 vector (?? B)
2026.06.26 14:39:24.679   set /dev12001/sgchannels/2/awg/waveform/waves/9 vector (?? B)
2026.06.26 14:39:24.679   set /dev12001/sgchannels/2/awg/waveform/waves/10 vector (?? B)
2026.06.26 14:39:24.679   set /dev12001/sgchannels/2/awg/waveform/waves/11 vector (?? B)
2026.06.26 14:39:24.679   set /dev12001/sgchannels/2/awg/waveform/waves/12 vector (?? B)
2026.06.26 14:39:24.679   set /dev12001/sgchannels/2/awg/waveform/waves/13 vector (?? B)
2026.06.26 14:39:24.679   set /dev12001/sgchannels/2/awg/waveform/waves/14 vector (?? B)
2026.06.26 14:39:24.679   set /dev12001/sgchannels/2/awg/waveform/waves/15 vector (?? B)
2026.06.26 14:39:24.679   set /dev12001/sgchannels/2/awg/waveform/waves/16 vector (?? B)
2026.06.26 14:39:24.679   set /dev12001/sgchannels/2/awg/waveform/waves/17 vector (?? B)
2026.06.26 14:39:24.679   set /dev12001/sgchannels/2/awg/waveform/waves/18 vector (?? B)
2026.06.26 14:39:24.679   set /dev12001/sgchannels/2/awg/waveform/waves/19 vector (?? B)
2026.06.26 14:39:24.679   set /dev12001/sgchannels/2/awg/waveform/waves/20 vector (?? B)
2026.06.26 14:39:24.679   set /dev12001/sgchannels/2/awg/waveform/waves/21 vector (?? B)
2026.06.26 14:39:24.679   set /dev12001/sgchannels/2/awg/waveform/waves/22 vector (?? B)
2026.06.26 14:39:24.679   set /dev12001/sgchannels/2/awg/waveform/waves/23 vector (?? B)
2026.06.26 14:39:24.679   set /dev12001/sgchannels/2/awg/waveform/waves/24 vector (?? B)
2026.06.26 14:39:24.679   set /dev12001/sgchannels/2/awg/commandtable/data vector (?? B)
2026.06.26 14:39:24.679   set /dev12001/qachannels/0/readout/multistate/enable 1
2026.06.26 14:39:24.679   set /dev12001/qachannels/0/readout/multistate/zsync/packed 1
2026.06.26 14:39:24.679   set /dev12001/qachannels/0/readout/multistate/qudits/0/numstates 2
2026.06.26 14:39:24.679   set /dev12001/qachannels/0/readout/multistate/qudits/0/enable 1
2026.06.26 14:39:24.679   set /dev12001/qachannels/0/readout/multistate/qudits/0/assignmentvec vector (?? B)
2026.06.26 14:39:24.680   set /dev12001/qachannels/0/readout/multistate/zsync/packed 1
2026.06.26 14:39:24.680   set /dev12001/qachannels/0/readout/multistate/qudits/1/numstates 2
2026.06.26 14:39:24.680   set /dev12001/qachannels/0/readout/multistate/qudits/1/enable 1
2026.06.26 14:39:24.680   set /dev12001/qachannels/0/readout/multistate/qudits/1/assignmentvec vector (?? B)
2026.06.26 14:39:24.680   set /dev12001/qachannels/0/readout/result/enable 0
2026.06.26 14:39:24.680   set /dev12001/qachannels/0/readout/result/source 1
2026.06.26 14:39:24.680   set /dev12001/qachannels/0/readout/result/length 52
2026.06.26 14:39:24.680   set /dev12001/qachannels/0/readout/result/averages 1024
2026.06.26 14:39:24.680   set /dev12001/qachannels/0/readout/result/mode 0
2026.06.26 14:39:24.680   set /dev12001/qachannels/0/readout/multistate/qudits/0/thresholds/0/value 0.0
2026.06.26 14:39:24.680   set /dev12001/qachannels/0/readout/multistate/qudits/1/thresholds/0/value 0.0
2026.06.26 14:39:24.680   set /dev12001/qachannels/0/readout/result/enable 1
2026.06.26 14:39:24.680   set /dev12001/qachannels/0/spectroscopy/result/enable 0
2026.06.26 14:39:24.680   set /dev12001/scopes/0/enable 0
2026.06.26 14:39:24.680   set /dev12001/qachannels/0/generator/elf/data vector (?? B)
2026.06.26 14:39:24.680   set /dev12001/qachannels/0/generator/clearwave 1
2026.06.26 14:39:24.680   set /dev12001/qachannels/0/generator/waveforms/0/wave <unexpected type>
2026.06.26 14:39:24.680   set /dev12001/qachannels/0/generator/waveforms/1/wave <unexpected type>
2026.06.26 14:39:24.680   set /dev12001/qachannels/0/spectroscopy/envelope/enable 0
2026.06.26 14:39:24.680   set /dev12001/qachannels/0/readout/multistate/qudits/0/weights/0/wave vector (?? B)
2026.06.26 14:39:24.680   set /dev12001/qachannels/0/readout/multistate/qudits/1/weights/0/wave vector (?? B)
2026.06.26 14:39:24.680   set /dev12001/qachannels/0/readout/integration/length 4000
2026.06.26 14:39:24.680   set /dev12001/system/internaltrigger/synchronization/enable 0
2026.06.26 14:39:24.680   set /dev12001/system/synchronization/source 0
2026.06.26 14:39:24.680   set /dev12001/qachannels/0/generator/enable 1
2026.06.26 14:39:24.680   set /dev12001/sgchannels/0/awg/enable 1
2026.06.26 14:39:24.680   set /dev12001/sgchannels/2/awg/enable 1
2026.06.26 14:39:24.680   set /dev10001/triggers/out/0/enable 1
2026.06.26 14:39:24.680   set /dev10001/triggers/out/0/port 0
2026.06.26 14:39:24.680   set /dev10001/execution/enable 1
2026.06.26 14:39:24.681   set /dev12001/system/synchronization/source 0
2026.06.26 14:39:24.681   set /dev12001/raw/system/awg/runtimechecks/enable 0
2026.06.26 14:39:24.681   set /dev12001/qachannels/0/readout/result/enable 0
2026.06.26 14:39:24.681   get /dev12001/raw/error/json/errors -
2026.06.26 14:39:24.681   get /dev12001/raw/error/json/errors -
2026.06.26 14:39:24.681   get /dev10001/raw/error/json/errors -
2026.06.26 14:39:24.681   set /dev12001/qachannels/*/spectroscopy/envelope/enable 1
